<?xml version="1.0" encoding="UTF-8"?>
<testsuite xmlns:xsi="http://www.w3.org/2001/XMLSchema-instance" xsi:noNamespaceSchemaLocation="https://maven.apache.org/surefire/maven-surefire-plugin/xsd/surefire-test-report.xsd" version="3.0.2" name="br.com.erudio.integrationtests.controllers.withxml.BookControllerXmlTest" time="0.859" tests="6" errors="0" skipped="0" failures="0">
  <properties>
[...]
</properties>
  <testcase name="signin" classname="br.com.erudio.integrationtests.controllers.withxml.BookControllerXmlTest" time="0.237">
    <system-out><![CDATA[2026-04-04T16:43:50.880-03:00  INFO 19096 --- [rest-with-spring-boot-and-java-erudio] [           main] t.c.s.AnnotationConfigContextLoaderUtils : Could not detect default configuration classes for test class [br.com.erudio.integrationtests.testcontainers.AbstractIntegrationTest]: AbstractIntegrationTest does not declare any static, non-private, non-final, nested classes annotated with @Configuration.
2026-04-04T16:43:50.885-03:00  INFO 19096 --- [rest-with-spring-boot-and-java-erudio] [           main] .b.t.c.SpringBootTestContextBootstrapper : Found @SpringBootConfiguration br.com.erudio.Startup for test class br.com.erudio.integrationtests.controllers.withxml.BookControllerXmlTest
]]></system-out>
  </testcase>
  <testcase name="createTest" classname="br.com.erudio.integrationtests.controllers.withxml.BookControllerXmlTest" time="0.206">
    <system-out><![CDATA[Request method:	POST
Request URI:	http://localhost:8888/api/book/v1
Proxy:			<none>
Request params:	<none>
Query params:	<none>
Form params:	<none>
Path params:	<none>
Headers:		Origin=https://www.erudio.com.br
				Authorization=Bearer eyJhbGciOiJIUzI1NiIsInR5cCI6IkpXVCJ9.eyJyb2xlcyI6WyJBRE1JTiIsIk1BTkFHRVIiXSwiaWF0IjoxNzc1MzMxODMxLCJleHAiOjE3NzUzMzU0MzEsInN1YiI6ImxlYW5kcm8iLCJpc3MiOiJodHRwOi8vbG9jYWxob3N0Ojg4ODgifQ.e6n1C7CYN_fIdQ1-X9-PlyV97mTNCU7G0OYWCrKiZI0
				Accept=application/xml
				Content-Type=application/xml; charset=ISO-8859-1
Cookies:		<none>
Multiparts:		<none>
Body:
<bookDTO>
  <author>Nigel Poulton</author>
  <launchDate>2026-04-04T16:43:51.131-03:00</launchDate>
  <price>55.99</price>
  <title>Docker Deep Dive</title>
</bookDTO>
2026-04-04T16:43:51.274-03:00  INFO 19096 --- [rest-with-spring-boot-and-java-erudio] [nio-8888-exec-9] br.com.erudio.services.BookService       : Creating one Book!
HTTP/1.1 200 
Vary: Origin
Vary: Access-Control-Request-Method
Vary: Access-Control-Request-Headers
Access-Control-Allow-Origin: https://www.erudio.com.br
Access-Control-Allow-Credentials: true
X-Content-Type-Options: nosniff
X-XSS-Protection: 0
Cache-Control: no-cache, no-store, max-age=0, must-revalidate
Pragma: no-cache
Expires: 0
X-Frame-Options: DENY
Content-Type: application/xml
Transfer-Encoding: chunked
Date: Sat, 04 Apr 2026 19:43:51 GMT
Keep-Alive: timeout=60
Connection: keep-alive

<BookDTO>
  <id>217</id>
  <author>Nigel Poulton</author>
  <launchDate>2026-04-04T19:43:51.131+00:00</launchDate>
  <price>55.99</price>
  <title>Docker Deep Dive</title>
  <links>
    <rel>self</rel>
    <href>http://localhost:8888/api/book/v1/217</href>
    <type>GET</type>
  </links>
  <links>
    <rel>findAll</rel>
    <href>http://localhost:8888/api/book/v1?page=1&amp;size=12&amp;direction=asc</href>
    <type>GET</type>
  </links>
  <links>
    <rel>create</rel>
    <href>http://localhost:8888/api/book/v1</href>
    <type>POST</type>
  </links>
  <links>
    <rel>update</rel>
    <href>http://localhost:8888/api/book/v1</href>
    <type>PUT</type>
  </links>
  <links>
    <rel>delete</rel>
    <href>http://localhost:8888/api/book/v1/217</href>
    <type>DELETE</type>
  </links>
</BookDTO>
]]></system-out>
  </testcase>
  <testcase name="updateTest" classname="br.com.erudio.integrationtests.controllers.withxml.BookControllerXmlTest" time="0.152">
    <system-out><![CDATA[Request method:	PUT
Request URI:	http://localhost:8888/api/book/v1
Proxy:			<none>
Request params:	<none>
Query params:	<none>
Form params:	<none>
Path params:	<none>
Headers:		Origin=https://www.erudio.com.br
				Authorization=Bearer eyJhbGciOiJIUzI1NiIsInR5cCI6IkpXVCJ9.eyJyb2xlcyI6WyJBRE1JTiIsIk1BTkFHRVIiXSwiaWF0IjoxNzc1MzMxODMxLCJleHAiOjE3NzUzMzU0MzEsInN1YiI6ImxlYW5kcm8iLCJpc3MiOiJodHRwOi8vbG9jYWxob3N0Ojg4ODgifQ.e6n1C7CYN_fIdQ1-X9-PlyV97mTNCU7G0OYWCrKiZI0
				Accept=application/xml
				Content-Type=application/xml; charset=ISO-8859-1
Cookies:		<none>
Multiparts:		<none>
Body:
<bookDTO>
  <author>Nigel Poulton</author>
  <id>217</id>
  <launchDate>2026-04-04T16:43:51.131-03:00</launchDate>
  <price>55.99</price>
  <title>Docker Deep Dive - Updated</title>
</bookDTO>
2026-04-04T16:43:51.372-03:00  INFO 19096 --- [rest-with-spring-boot-and-java-erudio] [io-8888-exec-11] br.com.erudio.services.BookService       : Updating one Book!
HTTP/1.1 200 
Vary: Origin
Vary: Access-Control-Request-Method
Vary: Access-Control-Request-Headers
Access-Control-Allow-Origin: https://www.erudio.com.br
Access-Control-Allow-Credentials: true
X-Content-Type-Options: nosniff
X-XSS-Protection: 0
Cache-Control: no-cache, no-store, max-age=0, must-revalidate
Pragma: no-cache
Expires: 0
X-Frame-Options: DENY
Content-Type: application/xml
Transfer-Encoding: chunked
Date: Sat, 04 Apr 2026 19:43:51 GMT
Keep-Alive: timeout=60
Connection: keep-alive

<BookDTO>
  <id>217</id>
  <author>Nigel Poulton</author>
  <launchDate>2026-04-04T19:43:51.131+00:00</launchDate>
  <price>55.99</price>
  <title>Docker Deep Dive - Updated</title>
  <links>
    <rel>self</rel>
    <href>http://localhost:8888/api/book/v1/217</href>
    <type>GET</type>
  </links>
  <links>
    <rel>findAll</rel>
    <href>http://localhost:8888/api/book/v1?page=1&amp;size=12&amp;direction=asc</href>
    <type>GET</type>
  </links>
  <links>
    <rel>create</rel>
    <href>http://localhost:8888/api/book/v1</href>
    <type>POST</type>
  </links>
  <links>
    <rel>update</rel>
    <href>http://localhost:8888/api/book/v1</href>
    <type>PUT</type>
  </links>
  <links>
    <rel>delete</rel>
    <href>http://localhost:8888/api/book/v1/217</href>
    <type>DELETE</type>
  </links>
</BookDTO>
]]></system-out>
  </testcase>
  <testcase name="findByIdTest" classname="br.com.erudio.integrationtests.controllers.withxml.BookControllerXmlTest" time="0.057">
    <system-out><![CDATA[Request method:	GET
Request URI:	http://localhost:8888/api/book/v1/217
Proxy:			<none>
Request params:	<none>
Query params:	<none>
Form params:	<none>
Path params:	id=217
Headers:		Origin=https://www.erudio.com.br
				Authorization=Bearer eyJhbGciOiJIUzI1NiIsInR5cCI6IkpXVCJ9.eyJyb2xlcyI6WyJBRE1JTiIsIk1BTkFHRVIiXSwiaWF0IjoxNzc1MzMxODMxLCJleHAiOjE3NzUzMzU0MzEsInN1YiI6ImxlYW5kcm8iLCJpc3MiOiJodHRwOi8vbG9jYWxob3N0Ojg4ODgifQ.e6n1C7CYN_fIdQ1-X9-PlyV97mTNCU7G0OYWCrKiZI0
				Accept=application/xml
				Content-Type=application/xml; charset=ISO-8859-1
Cookies:		<none>
Multiparts:		<none>
Body:			<none>
2026-04-04T16:43:51.523-03:00  INFO 19096 --- [rest-with-spring-boot-and-java-erudio] [io-8888-exec-10] br.com.erudio.services.BookService       : Finding one Book!
HTTP/1.1 200 
Vary: Origin
Vary: Access-Control-Request-Method
Vary: Access-Control-Request-Headers
Access-Control-Allow-Origin: https://www.erudio.com.br
Access-Control-Allow-Credentials: true
X-Content-Type-Options: nosniff
X-XSS-Protection: 0
Cache-Control: no-cache, no-store, max-age=0, must-revalidate
Pragma: no-cache
Expires: 0
X-Frame-Options: DENY
Content-Type: application/xml
Transfer-Encoding: chunked
Date: Sat, 04 Apr 2026 19:43:51 GMT
Keep-Alive: timeout=60
Connection: keep-alive

<BookDTO>
  <id>217</id>
  <author>Nigel Poulton</author>
  <launchDate>2026-04-04T03:00:00.000+00:00</launchDate>
  <price>55.99</price>
  <title>Docker Deep Dive - Updated</title>
  <links>
    <rel>self</rel>
    <href>http://localhost:8888/api/book/v1/217</href>
    <type>GET</type>
  </links>
  <links>
    <rel>findAll</rel>
    <href>http://localhost:8888/api/book/v1?page=1&amp;size=12&amp;direction=asc</href>
    <type>GET</type>
  </links>
  <links>
    <rel>create</rel>
    <href>http://localhost:8888/api/book/v1</href>
    <type>POST</type>
  </links>
  <links>
    <rel>update</rel>
    <href>http://localhost:8888/api/book/v1</href>
    <type>PUT</type>
  </links>
  <links>
    <rel>delete</rel>
    <href>http://localhost:8888/api/book/v1/217</href>
    <type>DELETE</type>
  </links>
</BookDTO>
]]></system-out>
  </testcase>
  <testcase name="deleteTest" classname="br.com.erudio.integrationtests.controllers.withxml.BookControllerXmlTest" time="0.06">
    <system-out><![CDATA[Request method:	DELETE
Request URI:	http://localhost:8888/api/book/v1/217
Proxy:			<none>
Request params:	<none>
Query params:	<none>
Form params:	<none>
Path params:	id=217
Headers:		Origin=https://www.erudio.com.br
				Authorization=Bearer eyJhbGciOiJIUzI1NiIsInR5cCI6IkpXVCJ9.eyJyb2xlcyI6WyJBRE1JTiIsIk1BTkFHRVIiXSwiaWF0IjoxNzc1MzMxODMxLCJleHAiOjE3NzUzMzU0MzEsInN1YiI6ImxlYW5kcm8iLCJpc3MiOiJodHRwOi8vbG9jYWxob3N0Ojg4ODgifQ.e6n1C7CYN_fIdQ1-X9-PlyV97mTNCU7G0OYWCrKiZI0
				Accept=*/*
Cookies:		<none>
Multiparts:		<none>
Body:			<none>
2026-04-04T16:43:51.574-03:00  INFO 19096 --- [rest-with-spring-boot-and-java-erudio] [nio-8888-exec-6] br.com.erudio.services.BookService       : Deleting one Book!
HTTP/1.1 204 
Vary: Origin
Vary: Access-Control-Request-Method
Vary: Access-Control-Request-Headers
Access-Control-Allow-Origin: https://www.erudio.com.br
Access-Control-Allow-Credentials: true
X-Content-Type-Options: nosniff
X-XSS-Protection: 0
Cache-Control: no-cache, no-store, max-age=0, must-revalidate
Pragma: no-cache
Expires: 0
X-Frame-Options: DENY
Date: Sat, 04 Apr 2026 19:43:51 GMT
Keep-Alive: timeout=60
Connection: keep-alive
]]></system-out>
  </testcase>
  <testcase name="findAllTest" classname="br.com.erudio.integrationtests.controllers.withxml.BookControllerXmlTest" time="0.124">
    <system-out><![CDATA[Request method:	GET
Request URI:	http://localhost:8888/api/book/v1?page=9&size=12&direction=asc
Proxy:			<none>
Request params:	<none>
Query params:	page=9
				size=12
				direction=asc
Form params:	<none>
Path params:	<none>
Headers:		Origin=https://www.erudio.com.br
				Authorization=Bearer eyJhbGciOiJIUzI1NiIsInR5cCI6IkpXVCJ9.eyJyb2xlcyI6WyJBRE1JTiIsIk1BTkFHRVIiXSwiaWF0IjoxNzc1MzMxODMxLCJleHAiOjE3NzUzMzU0MzEsInN1YiI6ImxlYW5kcm8iLCJpc3MiOiJodHRwOi8vbG9jYWxob3N0Ojg4ODgifQ.e6n1C7CYN_fIdQ1-X9-PlyV97mTNCU7G0OYWCrKiZI0
				Accept=application/xml
Cookies:		<none>
Multiparts:		<none>
Body:			<none>
2026-04-04T16:43:51.637-03:00  INFO 19096 --- [rest-with-spring-boot-and-java-erudio] [nio-8888-exec-1] br.com.erudio.services.BookService       : Finding all Book!
HTTP/1.1 200 
Vary: Origin
Vary: Access-Control-Request-Method
Vary: Access-Control-Request-Headers
Access-Control-Allow-Origin: https://www.erudio.com.br
Access-Control-Allow-Credentials: true
X-Content-Type-Options: nosniff
X-XSS-Protection: 0
Cache-Control: no-cache, no-store, max-age=0, must-revalidate
Pragma: no-cache
Expires: 0
X-Frame-Options: DENY
Content-Type: application/xml
Transfer-Encoding: chunked
Date: Sat, 04 Apr 2026 19:43:51 GMT
Keep-Alive: timeout=60
Connection: keep-alive

<PagedModel>
  <links>
    <rel>first</rel>
    <href>http://localhost:8888/api/book/v1?direction=title%3A%20ASC&amp;page=0&amp;size=12&amp;sort=title,asc</href>
  </links>
  <links>
    <rel>prev</rel>
    <href>http://localhost:8888/api/book/v1?direction=title%3A%20ASC&amp;page=8&amp;size=12&amp;sort=title,asc</href>
  </links>
  <links>
    <rel>self</rel>
    <href>http://localhost:8888/api/book/v1?page=9&amp;size=12&amp;direction=title%3A%20ASC</href>
  </links>
  <links>
    <rel>next</rel>
    <href>http://localhost:8888/api/book/v1?direction=title%3A%20ASC&amp;page=10&amp;size=12&amp;sort=title,asc</href>
  </links>
  <links>
    <rel>last</rel>
    <href>http://localhost:8888/api/book/v1?direction=title%3A%20ASC&amp;page=17&amp;size=12&amp;sort=title,asc</href>
  </links>
  <content>
    <content>
      <id>190</id>
      <author>James Shore e Shane Warden</author>
      <launchDate>2004-02-13T02:00:00.000+00:00</launchDate>
      <price>97.21</price>
      <title>The Art of Agile Development</title>
      <links>
        <rel>self</rel>
        <href>http://localhost:8888/api/book/v1/190</href>
        <type>GET</type>
      </links>
      <links>
        <rel>findAll</rel>
        <href>http://localhost:8888/api/book/v1?page=1&amp;size=12&amp;direction=asc</href>
        <type>GET</type>
      </links>
      <links>
        <rel>create</rel>
        <href>http://localhost:8888/api/book/v1</href>
        <type>POST</type>
      </links>
      <links>
        <rel>update</rel>
        <href>http://localhost:8888/api/book/v1</href>
        <type>PUT</type>
      </links>
      <links>
        <rel>delete</rel>
        <href>http://localhost:8888/api/book/v1/190</href>
        <type>DELETE</type>
      </links>
    </content>
    <content>
      <id>33</id>
      <author>James Shore e Shane Warden</author>
      <launchDate>1987-04-06T03:00:00.000+00:00</launchDate>
      <price>134.77</price>
      <title>The Art of Agile Development</title>
      <links>
        <rel>self</rel>
        <href>http://localhost:8888/api/book/v1/33</href>
        <type>GET</type>
      </links>
      <links>
        <rel>findAll</rel>
        <href>http://localhost:8888/api/book/v1?page=1&amp;size=12&amp;direction=asc</href>
        <type>GET</type>
      </links>
      <links>
        <rel>create</rel>
        <href>http://localhost:8888/api/book/v1</href>
        <type>POST</type>
      </links>
      <links>
        <rel>update</rel>
        <href>http://localhost:8888/api/book/v1</href>
        <type>PUT</type>
      </links>
      <links>
        <rel>delete</rel>
        <href>http://localhost:8888/api/book/v1/33</href>
        <type>DELETE</type>
      </links>
    </content>
    <content>
      <id>94</id>
      <author>James Shore e Shane Warden</author>
      <launchDate>2010-10-11T03:00:00.000+00:00</launchDate>
      <price>79.57</price>
      <title>The Art of Agile Development</title>
      <links>
        <rel>self</rel>
        <href>http://localhost:8888/api/book/v1/94</href>
        <type>GET</type>
      </links>
      <links>
        <rel>findAll</rel>
        <href>http://localhost:8888/api/book/v1?page=1&amp;size=12&amp;direction=asc</href>
        <type>GET</type>
      </links>
      <links>
        <rel>create</rel>
        <href>http://localhost:8888/api/book/v1</href>
        <type>POST</type>
      </links>
      <links>
        <rel>update</rel>
        <href>http://localhost:8888/api/book/v1</href>
        <type>PUT</type>
      </links>
      <links>
        <rel>delete</rel>
        <href>http://localhost:8888/api/book/v1/94</href>
        <type>DELETE</type>
      </links>
    </content>
    <content>
      <id>98</id>
      <author>James Shore e Shane Warden</author>
      <launchDate>1982-11-02T03:00:00.000+00:00</launchDate>
      <price>110.18</price>
      <title>The Art of Agile Development</title>
      <links>
        <rel>self</rel>
        <href>http://localhost:8888/api/book/v1/98</href>
        <type>GET</type>
      </links>
      <links>
        <rel>findAll</rel>
        <href>http://localhost:8888/api/book/v1?page=1&amp;size=12&amp;direction=asc</href>
        <type>GET</type>
      </links>
      <links>
        <rel>create</rel>
        <href>http://localhost:8888/api/book/v1</href>
        <type>POST</type>
      </links>
      <links>
        <rel>update</rel>
        <href>http://localhost:8888/api/book/v1</href>
        <type>PUT</type>
      </links>
      <links>
        <rel>delete</rel>
        <href>http://localhost:8888/api/book/v1/98</href>
        <type>DELETE</type>
      </links>
    </content>
    <content>
      <id>87</id>
      <author>Donald E. Knuth</author>
      <launchDate>1985-08-17T03:00:00.000+00:00</launchDate>
      <price>52.11</price>
      <title>The Art of Computer Programming, Volume 1: Fundamental Algorithms</title>
      <links>
        <rel>self</rel>
        <href>http://localhost:8888/api/book/v1/87</href>
        <type>GET</type>
      </links>
      <links>
        <rel>findAll</rel>
        <href>http://localhost:8888/api/book/v1?page=1&amp;size=12&amp;direction=asc</href>
        <type>GET</type>
      </links>
      <links>
        <rel>create</rel>
        <href>http://localhost:8888/api/book/v1</href>
        <type>POST</type>
      </links>
      <links>
        <rel>update</rel>
        <href>http://localhost:8888/api/book/v1</href>
        <type>PUT</type>
      </links>
      <links>
        <rel>delete</rel>
        <href>http://localhost:8888/api/book/v1/87</href>
        <type>DELETE</type>
      </links>
    </content>
    <content>
      <id>112</id>
      <author>Donald E. Knuth</author>
      <launchDate>1996-11-09T02:00:00.000+00:00</launchDate>
      <price>89.64</price>
      <title>The Art of Computer Programming, Volume 1: Fundamental Algorithms</title>
      <links>
        <rel>self</rel>
        <href>http://localhost:8888/api/book/v1/112</href>
        <type>GET</type>
      </links>
      <links>
        <rel>findAll</rel>
        <href>http://localhost:8888/api/book/v1?page=1&amp;size=12&amp;direction=asc</href>
        <type>GET</type>
      </links>
      <links>
        <rel>create</rel>
        <href>http://localhost:8888/api/book/v1</href>
        <type>POST</type>
      </links>
      <links>
        <rel>update</rel>
        <href>http://localhost:8888/api/book/v1</href>
        <type>PUT</type>
      </links>
      <links>
        <rel>delete</rel>
        <href>http://localhost:8888/api/book/v1/112</href>
        <type>DELETE</type>
      </links>
    </content>
    <content>
      <id>67</id>
      <author>Donald E. Knuth</author>
      <launchDate>2001-11-06T02:00:00.000+00:00</launchDate>
      <price>81.32</price>
      <title>The Art of Computer Programming, Volume 1: Fundamental Algorithms</title>
      <links>
        <rel>self</rel>
        <href>http://localhost:8888/api/book/v1/67</href>
        <type>GET</type>
      </links>
      <links>
        <rel>findAll</rel>
        <href>http://localhost:8888/api/book/v1?page=1&amp;size=12&amp;direction=asc</href>
        <type>GET</type>
      </links>
      <links>
        <rel>create</rel>
        <href>http://localhost:8888/api/book/v1</href>
        <type>POST</type>
      </links>
      <links>
        <rel>update</rel>
        <href>http://localhost:8888/api/book/v1</href>
        <type>PUT</type>
      </links>
      <links>
        <rel>delete</rel>
        <href>http://localhost:8888/api/book/v1/67</href>
        <type>DELETE</type>
      </links>
    </content>
    <content>
      <id>91</id>
      <author>Donald E. Knuth</author>
      <launchDate>1988-09-09T03:00:00.000+00:00</launchDate>
      <price>139.69</price>
      <title>The Art of Computer Programming, Volume 1: Fundamental Algorithms</title>
      <links>
        <rel>self</rel>
        <href>http://localhost:8888/api/book/v1/91</href>
        <type>GET</type>
      </links>
      <links>
        <rel>findAll</rel>
        <href>http://localhost:8888/api/book/v1?page=1&amp;size=12&amp;direction=asc</href>
        <type>GET</type>
      </links>
      <links>
        <rel>create</rel>
        <href>http://localhost:8888/api/book/v1</href>
        <type>POST</type>
      </links>
      <links>
        <rel>update</rel>
        <href>http://localhost:8888/api/book/v1</href>
        <type>PUT</type>
      </links>
      <links>
        <rel>delete</rel>
        <href>http://localhost:8888/api/book/v1/91</href>
        <type>DELETE</type>
      </links>
    </content>
    <content>
      <id>89</id>
      <author>Donald E. Knuth</author>
      <launchDate>1990-12-04T02:00:00.000+00:00</launchDate>
      <price>60.57</price>
      <title>The Art of Computer Programming, Volume 1: Fundamental Algorithms</title>
      <links>
        <rel>self</rel>
        <href>http://localhost:8888/api/book/v1/89</href>
        <type>GET</type>
      </links>
      <links>
        <rel>findAll</rel>
        <href>http://localhost:8888/api/book/v1?page=1&amp;size=12&amp;direction=asc</href>
        <type>GET</type>
      </links>
      <links>
        <rel>create</rel>
        <href>http://localhost:8888/api/book/v1</href>
        <type>POST</type>
      </links>
      <links>
        <rel>update</rel>
        <href>http://localhost:8888/api/book/v1</href>
        <type>PUT</type>
      </links>
      <links>
        <rel>delete</rel>
        <href>http://localhost:8888/api/book/v1/89</href>
        <type>DELETE</type>
      </links>
    </content>
    <content>
      <id>187</id>
      <author>Donald E. Knuth</author>
      <launchDate>2015-09-28T03:00:00.000+00:00</launchDate>
      <price>131.29</price>
      <title>The Art of Computer Programming, Volume 1: Fundamental Algorithms</title>
      <links>
        <rel>self</rel>
        <href>http://localhost:8888/api/book/v1/187</href>
        <type>GET</type>
      </links>
      <links>
        <rel>findAll</rel>
        <href>http://localhost:8888/api/book/v1?page=1&amp;size=12&amp;direction=asc</href>
        <type>GET</type>
      </links>
      <links>
        <rel>create</rel>
        <href>http://localhost:8888/api/book/v1</href>
        <type>POST</type>
      </links>
      <links>
        <rel>update</rel>
        <href>http://localhost:8888/api/book/v1</href>
        <type>PUT</type>
      </links>
      <links>
        <rel>delete</rel>
        <href>http://localhost:8888/api/book/v1/187</href>
        <type>DELETE</type>
      </links>
    </content>
    <content>
      <id>158</id>
      <author>Donald E. Knuth</author>
      <launchDate>1982-01-24T03:00:00.000+00:00</launchDate>
      <price>39.27</price>
      <title>The Art of Computer Programming, Volume 1: Fundamental Algorithms</title>
      <links>
        <rel>self</rel>
        <href>http://localhost:8888/api/book/v1/158</href>
        <type>GET</type>
      </links>
      <links>
        <rel>findAll</rel>
        <href>http://localhost:8888/api/book/v1?page=1&amp;size=12&amp;direction=asc</href>
        <type>GET</type>
      </links>
      <links>
        <rel>create</rel>
        <href>http://localhost:8888/api/book/v1</href>
        <type>POST</type>
      </links>
      <links>
        <rel>update</rel>
        <href>http://localhost:8888/api/book/v1</href>
        <type>PUT</type>
      </links>
      <links>
        <rel>delete</rel>
        <href>http://localhost:8888/api/book/v1/158</href>
        <type>DELETE</type>
      </links>
    </content>
    <content>
      <id>159</id>
      <author>Donald E. Knuth</author>
      <launchDate>1982-06-04T03:00:00.000+00:00</launchDate>
      <price>110.74</price>
      <title>The Art of Computer Programming, Volume 1: Fundamental Algorithms</title>
      <links>
        <rel>self</rel>
        <href>http://localhost:8888/api/book/v1/159</href>
        <type>GET</type>
      </links>
      <links>
        <rel>findAll</rel>
        <href>http://localhost:8888/api/book/v1?page=1&amp;size=12&amp;direction=asc</href>
        <type>GET</type>
      </links>
      <links>
        <rel>create</rel>
        <href>http://localhost:8888/api/book/v1</href>
        <type>POST</type>
      </links>
      <links>
        <rel>update</rel>
        <href>http://localhost:8888/api/book/v1</href>
        <type>PUT</type>
      </links>
      <links>
        <rel>delete</rel>
        <href>http://localhost:8888/api/book/v1/159</href>
        <type>DELETE</type>
      </links>
    </content>
  </content>
  <page>
    <size>12</size>
    <totalElements>215</totalElements>
    <totalPages>18</totalPages>
    <number>9</number>
  </page>
</PagedModel>
]]></system-out>
  </testcase>
</testsuite>