<?xml version="1.0" encoding="UTF-8"?>
<testsuite xmlns:xsi="http://www.w3.org/2001/XMLSchema-instance" xsi:noNamespaceSchemaLocation="https://maven.apache.org/surefire/maven-surefire-plugin/xsd/surefire-test-report.xsd" version="3.0.2" name="br.com.erudio.integrationtests.controllers.withyaml.PersonControllerYamlTest" time="1.242" tests="9" errors="0" skipped="0" failures="0">
  <properties>
[...]
</properties>
  <testcase name="signin" classname="br.com.erudio.integrationtests.controllers.withyaml.PersonControllerYamlTest" time="0.27">
    <system-out><![CDATA[2026-04-04T16:43:54.089-03:00  INFO 19096 --- [rest-with-spring-boot-and-java-erudio] [           main] t.c.s.AnnotationConfigContextLoaderUtils : Could not detect default configuration classes for test class [br.com.erudio.integrationtests.testcontainers.AbstractIntegrationTest]: AbstractIntegrationTest does not declare any static, non-private, non-final, nested classes annotated with @Configuration.
2026-04-04T16:43:54.091-03:00  INFO 19096 --- [rest-with-spring-boot-and-java-erudio] [           main] .b.t.c.SpringBootTestContextBootstrapper : Found @SpringBootConfiguration br.com.erudio.Startup for test class br.com.erudio.integrationtests.controllers.withyaml.PersonControllerYamlTest
]]></system-out>
  </testcase>
  <testcase name="createTest" classname="br.com.erudio.integrationtests.controllers.withyaml.PersonControllerYamlTest" time="0.058">
    <system-out><![CDATA[Request method:	POST
Request URI:	http://localhost:8888/api/person/v1
Proxy:			<none>
Request params:	<none>
Query params:	<none>
Form params:	<none>
Path params:	<none>
Headers:		Origin=https://www.erudio.com.br
				Authorization=Bearer eyJhbGciOiJIUzI1NiIsInR5cCI6IkpXVCJ9.eyJyb2xlcyI6WyJBRE1JTiIsIk1BTkFHRVIiXSwiaWF0IjoxNzc1MzMxODM0LCJleHAiOjE3NzUzNDI2MzQsInN1YiI6ImxlYW5kcm8ifQ.2YHhbm2SbrWJnfV0XeqtAtHYAdWvP12AVF3xqx4dmsw
				Accept=application/yaml
				Content-Type=application/yaml; charset=ISO-8859-1
Cookies:		<none>
Multiparts:		<none>
Body:
---
id: null
firstName: "Linus"
lastName: "Torvalds"
address: "Helsinki - Finland"
gender: "Male"
enabled: true
profileUrl: "https://pub.erudio.com.br/meus-cursos"
photoUrl: "https://pub.erudio.com.br/meus-cursos"
books: null

2026-04-04T16:43:54.392-03:00  INFO 19096 --- [rest-with-spring-boot-and-java-erudio] [nio-8888-exec-5] br.com.erudio.services.PersonService     : Creating one Person!
HTTP/1.1 200 
Vary: Origin
Vary: Access-Control-Request-Method
Vary: Access-Control-Request-Headers
Access-Control-Allow-Origin: https://www.erudio.com.br
Access-Control-Allow-Credentials: true
X-Content-Type-Options: nosniff
X-XSS-Protection: 0
Cache-Control: no-cache, no-store, max-age=0, must-revalidate
Pragma: no-cache
Expires: 0
X-Frame-Options: DENY
Content-Type: application/yaml
Transfer-Encoding: chunked
Date: Sat, 04 Apr 2026 19:43:54 GMT
Keep-Alive: timeout=60
Connection: keep-alive

---
id: 1016
firstName: "Linus"
lastName: "Torvalds"
address: "Helsinki - Finland"
gender: "Male"
enabled: true
profileUrl: "https://pub.erudio.com.br/meus-cursos"
photoUrl: "https://pub.erudio.com.br/meus-cursos"
links:
- rel: "findAll"
  href: "http://localhost:8888/api/person/v1?page=1&size=12&direction=asc"
  type: "GET"
- rel: "findByName"
  href: "http://localhost:8888/api/person/v1/findPeopleByName/?page=1&size=12&direction=asc"
  type: "GET"
- rel: "self"
  href: "http://localhost:8888/api/person/v1/1016"
  type: "GET"
- rel: "create"
  href: "http://localhost:8888/api/person/v1"
  type: "POST"
- rel: "massCreation"
  href: "http://localhost:8888/api/person/v1/massCreation"
  type: "POST"
- rel: "update"
  href: "http://localhost:8888/api/person/v1"
  type: "PUT"
- rel: "disable"
  href: "http://localhost:8888/api/person/v1/1016"
  type: "PATCH"
- rel: "delete"
  href: "http://localhost:8888/api/person/v1/1016"
  type: "DELETE"
- rel: "exportPage"
  href: "http://localhost:8888/api/person/v1/exportPage?page=1&size=12&direction=asc"
  title: "Export People"
  type: "GET"

]]></system-out>
  </testcase>
  <testcase name="updateTest" classname="br.com.erudio.integrationtests.controllers.withyaml.PersonControllerYamlTest" time="0.107">
    <system-out><![CDATA[Request method:	PUT
Request URI:	http://localhost:8888/api/person/v1
Proxy:			<none>
Request params:	<none>
Query params:	<none>
Form params:	<none>
Path params:	<none>
Headers:		Origin=https://www.erudio.com.br
				Authorization=Bearer eyJhbGciOiJIUzI1NiIsInR5cCI6IkpXVCJ9.eyJyb2xlcyI6WyJBRE1JTiIsIk1BTkFHRVIiXSwiaWF0IjoxNzc1MzMxODM0LCJleHAiOjE3NzUzNDI2MzQsInN1YiI6ImxlYW5kcm8ifQ.2YHhbm2SbrWJnfV0XeqtAtHYAdWvP12AVF3xqx4dmsw
				Accept=application/yaml
				Content-Type=application/yaml; charset=ISO-8859-1
Cookies:		<none>
Multiparts:		<none>
Body:
---
id: 1016
firstName: "Linus"
lastName: "Benedict Torvalds"
address: "Helsinki - Finland"
gender: "Male"
enabled: true
profileUrl: "https://pub.erudio.com.br/meus-cursos"
photoUrl: "https://pub.erudio.com.br/meus-cursos"
books: null

2026-04-04T16:43:54.445-03:00  INFO 19096 --- [rest-with-spring-boot-and-java-erudio] [nio-8888-exec-9] br.com.erudio.services.PersonService     : Updating one Person!
HTTP/1.1 200 
Vary: Origin
Vary: Access-Control-Request-Method
Vary: Access-Control-Request-Headers
Access-Control-Allow-Origin: https://www.erudio.com.br
Access-Control-Allow-Credentials: true
X-Content-Type-Options: nosniff
X-XSS-Protection: 0
Cache-Control: no-cache, no-store, max-age=0, must-revalidate
Pragma: no-cache
Expires: 0
X-Frame-Options: DENY
Content-Type: application/yaml
Transfer-Encoding: chunked
Date: Sat, 04 Apr 2026 19:43:54 GMT
Keep-Alive: timeout=60
Connection: keep-alive

---
id: 1016
firstName: "Linus"
lastName: "Benedict Torvalds"
address: "Helsinki - Finland"
gender: "Male"
enabled: true
profileUrl: "https://pub.erudio.com.br/meus-cursos"
photoUrl: "https://pub.erudio.com.br/meus-cursos"
links:
- rel: "findAll"
  href: "http://localhost:8888/api/person/v1?page=1&size=12&direction=asc"
  type: "GET"
- rel: "findByName"
  href: "http://localhost:8888/api/person/v1/findPeopleByName/?page=1&size=12&direction=asc"
  type: "GET"
- rel: "self"
  href: "http://localhost:8888/api/person/v1/1016"
  type: "GET"
- rel: "create"
  href: "http://localhost:8888/api/person/v1"
  type: "POST"
- rel: "massCreation"
  href: "http://localhost:8888/api/person/v1/massCreation"
  type: "POST"
- rel: "update"
  href: "http://localhost:8888/api/person/v1"
  type: "PUT"
- rel: "disable"
  href: "http://localhost:8888/api/person/v1/1016"
  type: "PATCH"
- rel: "delete"
  href: "http://localhost:8888/api/person/v1/1016"
  type: "DELETE"
- rel: "exportPage"
  href: "http://localhost:8888/api/person/v1/exportPage?page=1&size=12&direction=asc"
  title: "Export People"
  type: "GET"

]]></system-out>
  </testcase>
  <testcase name="findByIdTest" classname="br.com.erudio.integrationtests.controllers.withyaml.PersonControllerYamlTest" time="0.06">
    <system-out><![CDATA[Request method:	GET
Request URI:	http://localhost:8888/api/person/v1/1016
Proxy:			<none>
Request params:	<none>
Query params:	<none>
Form params:	<none>
Path params:	id=1016
Headers:		Origin=https://www.erudio.com.br
				Authorization=Bearer eyJhbGciOiJIUzI1NiIsInR5cCI6IkpXVCJ9.eyJyb2xlcyI6WyJBRE1JTiIsIk1BTkFHRVIiXSwiaWF0IjoxNzc1MzMxODM0LCJleHAiOjE3NzUzNDI2MzQsInN1YiI6ImxlYW5kcm8ifQ.2YHhbm2SbrWJnfV0XeqtAtHYAdWvP12AVF3xqx4dmsw
				Accept=application/yaml
				Content-Type=application/yaml; charset=ISO-8859-1
Cookies:		<none>
Multiparts:		<none>
Body:			<none>
2026-04-04T16:43:54.566-03:00  INFO 19096 --- [rest-with-spring-boot-and-java-erudio] [io-8888-exec-11] br.com.erudio.services.PersonService     : Finding one Person!
HTTP/1.1 200 
Vary: Origin
Vary: Access-Control-Request-Method
Vary: Access-Control-Request-Headers
Access-Control-Allow-Origin: https://www.erudio.com.br
Access-Control-Allow-Credentials: true
X-Content-Type-Options: nosniff
X-XSS-Protection: 0
Cache-Control: no-cache, no-store, max-age=0, must-revalidate
Pragma: no-cache
Expires: 0
X-Frame-Options: DENY
Content-Type: application/yaml
Transfer-Encoding: chunked
Date: Sat, 04 Apr 2026 19:43:54 GMT
Keep-Alive: timeout=60
Connection: keep-alive

---
id: 1016
firstName: "Linus"
lastName: "Benedict Torvalds"
address: "Helsinki - Finland"
gender: "Male"
enabled: true
profileUrl: "https://pub.erudio.com.br/meus-cursos"
photoUrl: "https://pub.erudio.com.br/meus-cursos"
links:
- rel: "findAll"
  href: "http://localhost:8888/api/person/v1?page=1&size=12&direction=asc"
  type: "GET"
- rel: "findByName"
  href: "http://localhost:8888/api/person/v1/findPeopleByName/?page=1&size=12&direction=asc"
  type: "GET"
- rel: "self"
  href: "http://localhost:8888/api/person/v1/1016"
  type: "GET"
- rel: "create"
  href: "http://localhost:8888/api/person/v1"
  type: "POST"
- rel: "massCreation"
  href: "http://localhost:8888/api/person/v1/massCreation"
  type: "POST"
- rel: "update"
  href: "http://localhost:8888/api/person/v1"
  type: "PUT"
- rel: "disable"
  href: "http://localhost:8888/api/person/v1/1016"
  type: "PATCH"
- rel: "delete"
  href: "http://localhost:8888/api/person/v1/1016"
  type: "DELETE"
- rel: "exportPage"
  href: "http://localhost:8888/api/person/v1/exportPage?page=1&size=12&direction=asc"
  title: "Export People"
  type: "GET"

]]></system-out>
  </testcase>
  <testcase name="disableTest" classname="br.com.erudio.integrationtests.controllers.withyaml.PersonControllerYamlTest" time="0.067">
    <system-out><![CDATA[Request method:	PATCH
Request URI:	http://localhost:8888/api/person/v1/1016
Proxy:			<none>
Request params:	<none>
Query params:	<none>
Form params:	<none>
Path params:	id=1016
Headers:		Origin=https://www.erudio.com.br
				Authorization=Bearer eyJhbGciOiJIUzI1NiIsInR5cCI6IkpXVCJ9.eyJyb2xlcyI6WyJBRE1JTiIsIk1BTkFHRVIiXSwiaWF0IjoxNzc1MzMxODM0LCJleHAiOjE3NzUzNDI2MzQsInN1YiI6ImxlYW5kcm8ifQ.2YHhbm2SbrWJnfV0XeqtAtHYAdWvP12AVF3xqx4dmsw
				Accept=application/yaml
Cookies:		<none>
Multiparts:		<none>
Body:			<none>
2026-04-04T16:43:54.623-03:00  INFO 19096 --- [rest-with-spring-boot-and-java-erudio] [io-8888-exec-10] br.com.erudio.services.PersonService     : Disabling one Person!
HTTP/1.1 200 
Vary: Origin
Vary: Access-Control-Request-Method
Vary: Access-Control-Request-Headers
Access-Control-Allow-Origin: https://www.erudio.com.br
Access-Control-Allow-Credentials: true
X-Content-Type-Options: nosniff
X-XSS-Protection: 0
Cache-Control: no-cache, no-store, max-age=0, must-revalidate
Pragma: no-cache
Expires: 0
X-Frame-Options: DENY
Content-Type: application/yaml
Transfer-Encoding: chunked
Date: Sat, 04 Apr 2026 19:43:54 GMT
Keep-Alive: timeout=60
Connection: keep-alive

---
id: 1016
firstName: "Linus"
lastName: "Benedict Torvalds"
address: "Helsinki - Finland"
gender: "Male"
enabled: false
profileUrl: "https://pub.erudio.com.br/meus-cursos"
photoUrl: "https://pub.erudio.com.br/meus-cursos"
links:
- rel: "findAll"
  href: "http://localhost:8888/api/person/v1?page=1&size=12&direction=asc"
  type: "GET"
- rel: "findByName"
  href: "http://localhost:8888/api/person/v1/findPeopleByName/?page=1&size=12&direction=asc"
  type: "GET"
- rel: "self"
  href: "http://localhost:8888/api/person/v1/1016"
  type: "GET"
- rel: "create"
  href: "http://localhost:8888/api/person/v1"
  type: "POST"
- rel: "massCreation"
  href: "http://localhost:8888/api/person/v1/massCreation"
  type: "POST"
- rel: "update"
  href: "http://localhost:8888/api/person/v1"
  type: "PUT"
- rel: "disable"
  href: "http://localhost:8888/api/person/v1/1016"
  type: "PATCH"
- rel: "delete"
  href: "http://localhost:8888/api/person/v1/1016"
  type: "DELETE"
- rel: "exportPage"
  href: "http://localhost:8888/api/person/v1/exportPage?page=1&size=12&direction=asc"
  title: "Export People"
  type: "GET"

]]></system-out>
  </testcase>
  <testcase name="deleteTest" classname="br.com.erudio.integrationtests.controllers.withyaml.PersonControllerYamlTest" time="0.085">
    <system-out><![CDATA[Request method:	DELETE
Request URI:	http://localhost:8888/api/person/v1/1016
Proxy:			<none>
Request params:	<none>
Query params:	<none>
Form params:	<none>
Path params:	id=1016
Headers:		Origin=https://www.erudio.com.br
				Authorization=Bearer eyJhbGciOiJIUzI1NiIsInR5cCI6IkpXVCJ9.eyJyb2xlcyI6WyJBRE1JTiIsIk1BTkFHRVIiXSwiaWF0IjoxNzc1MzMxODM0LCJleHAiOjE3NzUzNDI2MzQsInN1YiI6ImxlYW5kcm8ifQ.2YHhbm2SbrWJnfV0XeqtAtHYAdWvP12AVF3xqx4dmsw
				Accept=*/*
Cookies:		<none>
Multiparts:		<none>
Body:			<none>
2026-04-04T16:43:54.690-03:00  INFO 19096 --- [rest-with-spring-boot-and-java-erudio] [nio-8888-exec-2] br.com.erudio.services.PersonService     : Deleting one Person!
HTTP/1.1 204 
Vary: Origin
Vary: Access-Control-Request-Method
Vary: Access-Control-Request-Headers
Access-Control-Allow-Origin: https://www.erudio.com.br
Access-Control-Allow-Credentials: true
X-Content-Type-Options: nosniff
X-XSS-Protection: 0
Cache-Control: no-cache, no-store, max-age=0, must-revalidate
Pragma: no-cache
Expires: 0
X-Frame-Options: DENY
Date: Sat, 04 Apr 2026 19:43:54 GMT
Keep-Alive: timeout=60
Connection: keep-alive
]]></system-out>
  </testcase>
  <testcase name="findAllTest" classname="br.com.erudio.integrationtests.controllers.withyaml.PersonControllerYamlTest" time="0.265">
    <system-out><![CDATA[Request method:	GET
Request URI:	http://localhost:8888/api/person/v1?page=3&size=12&direction=asc
Proxy:			<none>
Request params:	<none>
Query params:	page=3
				size=12
				direction=asc
Form params:	<none>
Path params:	<none>
Headers:		Origin=https://www.erudio.com.br
				Authorization=Bearer eyJhbGciOiJIUzI1NiIsInR5cCI6IkpXVCJ9.eyJyb2xlcyI6WyJBRE1JTiIsIk1BTkFHRVIiXSwiaWF0IjoxNzc1MzMxODM0LCJleHAiOjE3NzUzNDI2MzQsInN1YiI6ImxlYW5kcm8ifQ.2YHhbm2SbrWJnfV0XeqtAtHYAdWvP12AVF3xqx4dmsw
				Accept=application/yaml
Cookies:		<none>
Multiparts:		<none>
Body:			<none>
2026-04-04T16:43:54.780-03:00  INFO 19096 --- [rest-with-spring-boot-and-java-erudio] [nio-8888-exec-6] br.com.erudio.services.PersonService     : Finding all People!
HTTP/1.1 200 
Vary: Origin
Vary: Access-Control-Request-Method
Vary: Access-Control-Request-Headers
Access-Control-Allow-Origin: https://www.erudio.com.br
Access-Control-Allow-Credentials: true
X-Content-Type-Options: nosniff
X-XSS-Protection: 0
Cache-Control: no-cache, no-store, max-age=0, must-revalidate
Pragma: no-cache
Expires: 0
X-Frame-Options: DENY
Content-Type: application/yaml
Transfer-Encoding: chunked
Date: Sat, 04 Apr 2026 19:43:54 GMT
Keep-Alive: timeout=60
Connection: keep-alive

---
links:
- rel: "first"
  href: "http://localhost:8888/api/person/v1?direction=firstName%3A%20ASC&page=0&size=12&sort=firstName,asc"
- rel: "prev"
  href: "http://localhost:8888/api/person/v1?direction=firstName%3A%20ASC&page=2&size=12&sort=firstName,asc"
- rel: "self"
  href: "http://localhost:8888/api/person/v1?page=3&size=12&direction=firstName%3A%20ASC"
- rel: "next"
  href: "http://localhost:8888/api/person/v1?direction=firstName%3A%20ASC&page=4&size=12&sort=firstName,asc"
- rel: "last"
  href: "http://localhost:8888/api/person/v1?direction=firstName%3A%20ASC&page=84&size=12&sort=firstName,asc"
content:
- id: 799
  firstName: "Allin"
  lastName: "Emmot"
  address: "7913 Lindbergh Way"
  gender: "Male"
  enabled: false
  profileUrl: "https://pub.erudio.com.br/meus-cursos"
  photoUrl: "https://raw.githubusercontent.com/leandrocgsi/rest-with-spring-boot-and-java-erudio/refs/heads/main/photos/00_some_person.jpg"
  links:
  - rel: "findAll"
    href: "http://localhost:8888/api/person/v1?page=1&size=12&direction=asc"
    type: "GET"
  - rel: "findByName"
    href: "http://localhost:8888/api/person/v1/findPeopleByName/?page=1&size=12&direction=asc"
    type: "GET"
  - rel: "self"
    href: "http://localhost:8888/api/person/v1/799"
    type: "GET"
  - rel: "create"
    href: "http://localhost:8888/api/person/v1"
    type: "POST"
  - rel: "massCreation"
    href: "http://localhost:8888/api/person/v1/massCreation"
    type: "POST"
  - rel: "update"
    href: "http://localhost:8888/api/person/v1"
    type: "PUT"
  - rel: "disable"
    href: "http://localhost:8888/api/person/v1/799"
    type: "PATCH"
  - rel: "delete"
    href: "http://localhost:8888/api/person/v1/799"
    type: "DELETE"
  - rel: "exportPage"
    href: "http://localhost:8888/api/person/v1/exportPage?page=1&size=12&direction=asc"
    title: "Export People"
    type: "GET"
  links: []
- id: 201
  firstName: "Allin"
  lastName: "Otridge"
  address: "09846 Independence Center"
  gender: "Male"
  enabled: false
  profileUrl: "https://pub.erudio.com.br/meus-cursos"
  photoUrl: "https://raw.githubusercontent.com/leandrocgsi/rest-with-spring-boot-and-java-erudio/refs/heads/main/photos/00_some_person.jpg"
  links:
  - rel: "findAll"
    href: "http://localhost:8888/api/person/v1?page=1&size=12&direction=asc"
    type: "GET"
  - rel: "findByName"
    href: "http://localhost:8888/api/person/v1/findPeopleByName/?page=1&size=12&direction=asc"
    type: "GET"
  - rel: "self"
    href: "http://localhost:8888/api/person/v1/201"
    type: "GET"
  - rel: "create"
    href: "http://localhost:8888/api/person/v1"
    type: "POST"
  - rel: "massCreation"
    href: "http://localhost:8888/api/person/v1/massCreation"
    type: "POST"
  - rel: "update"
    href: "http://localhost:8888/api/person/v1"
    type: "PUT"
  - rel: "disable"
    href: "http://localhost:8888/api/person/v1/201"
    type: "PATCH"
  - rel: "delete"
    href: "http://localhost:8888/api/person/v1/201"
    type: "DELETE"
  - rel: "exportPage"
    href: "http://localhost:8888/api/person/v1/exportPage?page=1&size=12&direction=asc"
    title: "Export People"
    type: "GET"
  links: []
- id: 688
  firstName: "Allyn"
  lastName: "Josh"
  address: "119 Declaration Lane"
  gender: "Female"
  enabled: false
  profileUrl: "https://pub.erudio.com.br/meus-cursos"
  photoUrl: "https://raw.githubusercontent.com/leandrocgsi/rest-with-spring-boot-and-java-erudio/refs/heads/main/photos/00_some_person.jpg"
  links:
  - rel: "findAll"
    href: "http://localhost:8888/api/person/v1?page=1&size=12&direction=asc"
    type: "GET"
  - rel: "findByName"
    href: "http://localhost:8888/api/person/v1/findPeopleByName/?page=1&size=12&direction=asc"
    type: "GET"
  - rel: "self"
    href: "http://localhost:8888/api/person/v1/688"
    type: "GET"
  - rel: "create"
    href: "http://localhost:8888/api/person/v1"
    type: "POST"
  - rel: "massCreation"
    href: "http://localhost:8888/api/person/v1/massCreation"
    type: "POST"
  - rel: "update"
    href: "http://localhost:8888/api/person/v1"
    type: "PUT"
  - rel: "disable"
    href: "http://localhost:8888/api/person/v1/688"
    type: "PATCH"
  - rel: "delete"
    href: "http://localhost:8888/api/person/v1/688"
    type: "DELETE"
  - rel: "exportPage"
    href: "http://localhost:8888/api/person/v1/exportPage?page=1&size=12&direction=asc"
    title: "Export People"
    type: "GET"
  links: []
- id: 689
  firstName: "Almeria"
  lastName: "Curm"
  address: "34 Burrows Point"
  gender: "Female"
  enabled: false
  profileUrl: "https://pub.erudio.com.br/meus-cursos"
  photoUrl: "https://raw.githubusercontent.com/leandrocgsi/rest-with-spring-boot-and-java-erudio/refs/heads/main/photos/00_some_person.jpg"
  links:
  - rel: "findAll"
    href: "http://localhost:8888/api/person/v1?page=1&size=12&direction=asc"
    type: "GET"
  - rel: "findByName"
    href: "http://localhost:8888/api/person/v1/findPeopleByName/?page=1&size=12&direction=asc"
    type: "GET"
  - rel: "self"
    href: "http://localhost:8888/api/person/v1/689"
    type: "GET"
  - rel: "create"
    href: "http://localhost:8888/api/person/v1"
    type: "POST"
  - rel: "massCreation"
    href: "http://localhost:8888/api/person/v1/massCreation"
    type: "POST"
  - rel: "update"
    href: "http://localhost:8888/api/person/v1"
    type: "PUT"
  - rel: "disable"
    href: "http://localhost:8888/api/person/v1/689"
    type: "PATCH"
  - rel: "delete"
    href: "http://localhost:8888/api/person/v1/689"
    type: "DELETE"
  - rel: "exportPage"
    href: "http://localhost:8888/api/person/v1/exportPage?page=1&size=12&direction=asc"
    title: "Export People"
    type: "GET"
  links: []
- id: 211
  firstName: "Alonso"
  lastName: "Luchelli"
  address: "9 Doe Crossing Avenue"
  gender: "Male"
  enabled: false
  profileUrl: "https://pub.erudio.com.br/meus-cursos"
  photoUrl: "https://raw.githubusercontent.com/leandrocgsi/rest-with-spring-boot-and-java-erudio/refs/heads/main/photos/00_some_person.jpg"
  links:
  - rel: "findAll"
    href: "http://localhost:8888/api/person/v1?page=1&size=12&direction=asc"
    type: "GET"
  - rel: "findByName"
    href: "http://localhost:8888/api/person/v1/findPeopleByName/?page=1&size=12&direction=asc"
    type: "GET"
  - rel: "self"
    href: "http://localhost:8888/api/person/v1/211"
    type: "GET"
  - rel: "create"
    href: "http://localhost:8888/api/person/v1"
    type: "POST"
  - rel: "massCreation"
    href: "http://localhost:8888/api/person/v1/massCreation"
    type: "POST"
  - rel: "update"
    href: "http://localhost:8888/api/person/v1"
    type: "PUT"
  - rel: "disable"
    href: "http://localhost:8888/api/person/v1/211"
    type: "PATCH"
  - rel: "delete"
    href: "http://localhost:8888/api/person/v1/211"
    type: "DELETE"
  - rel: "exportPage"
    href: "http://localhost:8888/api/person/v1/exportPage?page=1&size=12&direction=asc"
    title: "Export People"
    type: "GET"
  links: []
- id: 342
  firstName: "Alphonso"
  lastName: "Eddisforth"
  address: "485 Dayton Avenue"
  gender: "Male"
  enabled: true
  profileUrl: "https://pub.erudio.com.br/meus-cursos"
  photoUrl: "https://raw.githubusercontent.com/leandrocgsi/rest-with-spring-boot-and-java-erudio/refs/heads/main/photos/00_some_person.jpg"
  links:
  - rel: "findAll"
    href: "http://localhost:8888/api/person/v1?page=1&size=12&direction=asc"
    type: "GET"
  - rel: "findByName"
    href: "http://localhost:8888/api/person/v1/findPeopleByName/?page=1&size=12&direction=asc"
    type: "GET"
  - rel: "self"
    href: "http://localhost:8888/api/person/v1/342"
    type: "GET"
  - rel: "create"
    href: "http://localhost:8888/api/person/v1"
    type: "POST"
  - rel: "massCreation"
    href: "http://localhost:8888/api/person/v1/massCreation"
    type: "POST"
  - rel: "update"
    href: "http://localhost:8888/api/person/v1"
    type: "PUT"
  - rel: "disable"
    href: "http://localhost:8888/api/person/v1/342"
    type: "PATCH"
  - rel: "delete"
    href: "http://localhost:8888/api/person/v1/342"
    type: "DELETE"
  - rel: "exportPage"
    href: "http://localhost:8888/api/person/v1/exportPage?page=1&size=12&direction=asc"
    title: "Export People"
    type: "GET"
  links: []
- id: 245
  firstName: "Alvera"
  lastName: "MacMillan"
  address: "59929 Loeprich Place"
  gender: "Female"
  enabled: false
  profileUrl: "https://pub.erudio.com.br/meus-cursos"
  photoUrl: "https://raw.githubusercontent.com/leandrocgsi/rest-with-spring-boot-and-java-erudio/refs/heads/main/photos/00_some_person.jpg"
  links:
  - rel: "findAll"
    href: "http://localhost:8888/api/person/v1?page=1&size=12&direction=asc"
    type: "GET"
  - rel: "findByName"
    href: "http://localhost:8888/api/person/v1/findPeopleByName/?page=1&size=12&direction=asc"
    type: "GET"
  - rel: "self"
    href: "http://localhost:8888/api/person/v1/245"
    type: "GET"
  - rel: "create"
    href: "http://localhost:8888/api/person/v1"
    type: "POST"
  - rel: "massCreation"
    href: "http://localhost:8888/api/person/v1/massCreation"
    type: "POST"
  - rel: "update"
    href: "http://localhost:8888/api/person/v1"
    type: "PUT"
  - rel: "disable"
    href: "http://localhost:8888/api/person/v1/245"
    type: "PATCH"
  - rel: "delete"
    href: "http://localhost:8888/api/person/v1/245"
    type: "DELETE"
  - rel: "exportPage"
    href: "http://localhost:8888/api/person/v1/exportPage?page=1&size=12&direction=asc"
    title: "Export People"
    type: "GET"
  links: []
- id: 44
  firstName: "Alwin"
  lastName: "Flockhart"
  address: "81 Forest Run Alley"
  gender: "Male"
  enabled: false
  profileUrl: "https://pub.erudio.com.br/meus-cursos"
  photoUrl: "https://raw.githubusercontent.com/leandrocgsi/rest-with-spring-boot-and-java-erudio/refs/heads/main/photos/00_some_person.jpg"
  links:
  - rel: "findAll"
    href: "http://localhost:8888/api/person/v1?page=1&size=12&direction=asc"
    type: "GET"
  - rel: "findByName"
    href: "http://localhost:8888/api/person/v1/findPeopleByName/?page=1&size=12&direction=asc"
    type: "GET"
  - rel: "self"
    href: "http://localhost:8888/api/person/v1/44"
    type: "GET"
  - rel: "create"
    href: "http://localhost:8888/api/person/v1"
    type: "POST"
  - rel: "massCreation"
    href: "http://localhost:8888/api/person/v1/massCreation"
    type: "POST"
  - rel: "update"
    href: "http://localhost:8888/api/person/v1"
    type: "PUT"
  - rel: "disable"
    href: "http://localhost:8888/api/person/v1/44"
    type: "PATCH"
  - rel: "delete"
    href: "http://localhost:8888/api/person/v1/44"
    type: "DELETE"
  - rel: "exportPage"
    href: "http://localhost:8888/api/person/v1/exportPage?page=1&size=12&direction=asc"
    title: "Export People"
    type: "GET"
  links: []
- id: 326
  firstName: "Amargo"
  lastName: "Stalf"
  address: "9 Golf View Trail"
  gender: "Female"
  enabled: true
  profileUrl: "https://pub.erudio.com.br/meus-cursos"
  photoUrl: "https://raw.githubusercontent.com/leandrocgsi/rest-with-spring-boot-and-java-erudio/refs/heads/main/photos/00_some_person.jpg"
  links:
  - rel: "findAll"
    href: "http://localhost:8888/api/person/v1?page=1&size=12&direction=asc"
    type: "GET"
  - rel: "findByName"
    href: "http://localhost:8888/api/person/v1/findPeopleByName/?page=1&size=12&direction=asc"
    type: "GET"
  - rel: "self"
    href: "http://localhost:8888/api/person/v1/326"
    type: "GET"
  - rel: "create"
    href: "http://localhost:8888/api/person/v1"
    type: "POST"
  - rel: "massCreation"
    href: "http://localhost:8888/api/person/v1/massCreation"
    type: "POST"
  - rel: "update"
    href: "http://localhost:8888/api/person/v1"
    type: "PUT"
  - rel: "disable"
    href: "http://localhost:8888/api/person/v1/326"
    type: "PATCH"
  - rel: "delete"
    href: "http://localhost:8888/api/person/v1/326"
    type: "DELETE"
  - rel: "exportPage"
    href: "http://localhost:8888/api/person/v1/exportPage?page=1&size=12&direction=asc"
    title: "Export People"
    type: "GET"
  links: []
- id: 841
  firstName: "Amberly"
  lastName: "Faherty"
  address: "5906 Harbort Way"
  gender: "Female"
  enabled: false
  profileUrl: "https://pub.erudio.com.br/meus-cursos"
  photoUrl: "https://raw.githubusercontent.com/leandrocgsi/rest-with-spring-boot-and-java-erudio/refs/heads/main/photos/00_some_person.jpg"
  links:
  - rel: "findAll"
    href: "http://localhost:8888/api/person/v1?page=1&size=12&direction=asc"
    type: "GET"
  - rel: "findByName"
    href: "http://localhost:8888/api/person/v1/findPeopleByName/?page=1&size=12&direction=asc"
    type: "GET"
  - rel: "self"
    href: "http://localhost:8888/api/person/v1/841"
    type: "GET"
  - rel: "create"
    href: "http://localhost:8888/api/person/v1"
    type: "POST"
  - rel: "massCreation"
    href: "http://localhost:8888/api/person/v1/massCreation"
    type: "POST"
  - rel: "update"
    href: "http://localhost:8888/api/person/v1"
    type: "PUT"
  - rel: "disable"
    href: "http://localhost:8888/api/person/v1/841"
    type: "PATCH"
  - rel: "delete"
    href: "http://localhost:8888/api/person/v1/841"
    type: "DELETE"
  - rel: "exportPage"
    href: "http://localhost:8888/api/person/v1/exportPage?page=1&size=12&direction=asc"
    title: "Export People"
    type: "GET"
  links: []
- id: 947
  firstName: "Ambros"
  lastName: "Garrit"
  address: "27 School Pass"
  gender: "Male"
  enabled: true
  profileUrl: "https://pub.erudio.com.br/meus-cursos"
  photoUrl: "https://raw.githubusercontent.com/leandrocgsi/rest-with-spring-boot-and-java-erudio/refs/heads/main/photos/00_some_person.jpg"
  links:
  - rel: "findAll"
    href: "http://localhost:8888/api/person/v1?page=1&size=12&direction=asc"
    type: "GET"
  - rel: "findByName"
    href: "http://localhost:8888/api/person/v1/findPeopleByName/?page=1&size=12&direction=asc"
    type: "GET"
  - rel: "self"
    href: "http://localhost:8888/api/person/v1/947"
    type: "GET"
  - rel: "create"
    href: "http://localhost:8888/api/person/v1"
    type: "POST"
  - rel: "massCreation"
    href: "http://localhost:8888/api/person/v1/massCreation"
    type: "POST"
  - rel: "update"
    href: "http://localhost:8888/api/person/v1"
    type: "PUT"
  - rel: "disable"
    href: "http://localhost:8888/api/person/v1/947"
    type: "PATCH"
  - rel: "delete"
    href: "http://localhost:8888/api/person/v1/947"
    type: "DELETE"
  - rel: "exportPage"
    href: "http://localhost:8888/api/person/v1/exportPage?page=1&size=12&direction=asc"
    title: "Export People"
    type: "GET"
  links: []
- id: 190
  firstName: "Ambrosio"
  lastName: "Stoneham"
  address: "97 Loomis Avenue"
  gender: "Male"
  enabled: false
  profileUrl: "https://pub.erudio.com.br/meus-cursos"
  photoUrl: "https://raw.githubusercontent.com/leandrocgsi/rest-with-spring-boot-and-java-erudio/refs/heads/main/photos/00_some_person.jpg"
  links:
  - rel: "findAll"
    href: "http://localhost:8888/api/person/v1?page=1&size=12&direction=asc"
    type: "GET"
  - rel: "findByName"
    href: "http://localhost:8888/api/person/v1/findPeopleByName/?page=1&size=12&direction=asc"
    type: "GET"
  - rel: "self"
    href: "http://localhost:8888/api/person/v1/190"
    type: "GET"
  - rel: "create"
    href: "http://localhost:8888/api/person/v1"
    type: "POST"
  - rel: "massCreation"
    href: "http://localhost:8888/api/person/v1/massCreation"
    type: "POST"
  - rel: "update"
    href: "http://localhost:8888/api/person/v1"
    type: "PUT"
  - rel: "disable"
    href: "http://localhost:8888/api/person/v1/190"
    type: "PATCH"
  - rel: "delete"
    href: "http://localhost:8888/api/person/v1/190"
    type: "DELETE"
  - rel: "exportPage"
    href: "http://localhost:8888/api/person/v1/exportPage?page=1&size=12&direction=asc"
    title: "Export People"
    type: "GET"
  links: []
page:
  size: 12
  totalElements: 1010
  totalPages: 85
  number: 3

]]></system-out>
  </testcase>
  <testcase name="hateoasAndHalTest" classname="br.com.erudio.integrationtests.controllers.withyaml.PersonControllerYamlTest" time="0.214">
    <system-out><![CDATA[Request method:	GET
Request URI:	http://localhost:8888/api/person/v1?page=3&size=12&direction=asc
Proxy:			<none>
Request params:	<none>
Query params:	page=3
				size=12
				direction=asc
Form params:	<none>
Path params:	<none>
Headers:		Origin=https://www.erudio.com.br
				Authorization=Bearer eyJhbGciOiJIUzI1NiIsInR5cCI6IkpXVCJ9.eyJyb2xlcyI6WyJBRE1JTiIsIk1BTkFHRVIiXSwiaWF0IjoxNzc1MzMxODM0LCJleHAiOjE3NzUzNDI2MzQsInN1YiI6ImxlYW5kcm8ifQ.2YHhbm2SbrWJnfV0XeqtAtHYAdWvP12AVF3xqx4dmsw
				Accept=application/yaml
Cookies:		<none>
Multiparts:		<none>
Body:			<none>
2026-04-04T16:43:55.061-03:00  INFO 19096 --- [rest-with-spring-boot-and-java-erudio] [io-8888-exec-10] br.com.erudio.services.PersonService     : Finding all People!
HTTP/1.1 200 
Vary: Origin
Vary: Access-Control-Request-Method
Vary: Access-Control-Request-Headers
Access-Control-Allow-Origin: https://www.erudio.com.br
Access-Control-Allow-Credentials: true
X-Content-Type-Options: nosniff
X-XSS-Protection: 0
Cache-Control: no-cache, no-store, max-age=0, must-revalidate
Pragma: no-cache
Expires: 0
X-Frame-Options: DENY
Content-Type: application/yaml
Transfer-Encoding: chunked
Date: Sat, 04 Apr 2026 19:43:55 GMT
Keep-Alive: timeout=60
Connection: keep-alive

---
links:
- rel: "first"
  href: "http://localhost:8888/api/person/v1?direction=firstName%3A%20ASC&page=0&size=12&sort=firstName,asc"
- rel: "prev"
  href: "http://localhost:8888/api/person/v1?direction=firstName%3A%20ASC&page=2&size=12&sort=firstName,asc"
- rel: "self"
  href: "http://localhost:8888/api/person/v1?page=3&size=12&direction=firstName%3A%20ASC"
- rel: "next"
  href: "http://localhost:8888/api/person/v1?direction=firstName%3A%20ASC&page=4&size=12&sort=firstName,asc"
- rel: "last"
  href: "http://localhost:8888/api/person/v1?direction=firstName%3A%20ASC&page=84&size=12&sort=firstName,asc"
content:
- id: 799
  firstName: "Allin"
  lastName: "Emmot"
  address: "7913 Lindbergh Way"
  gender: "Male"
  enabled: false
  profileUrl: "https://pub.erudio.com.br/meus-cursos"
  photoUrl: "https://raw.githubusercontent.com/leandrocgsi/rest-with-spring-boot-and-java-erudio/refs/heads/main/photos/00_some_person.jpg"
  links:
  - rel: "findAll"
    href: "http://localhost:8888/api/person/v1?page=1&size=12&direction=asc"
    type: "GET"
  - rel: "findByName"
    href: "http://localhost:8888/api/person/v1/findPeopleByName/?page=1&size=12&direction=asc"
    type: "GET"
  - rel: "self"
    href: "http://localhost:8888/api/person/v1/799"
    type: "GET"
  - rel: "create"
    href: "http://localhost:8888/api/person/v1"
    type: "POST"
  - rel: "massCreation"
    href: "http://localhost:8888/api/person/v1/massCreation"
    type: "POST"
  - rel: "update"
    href: "http://localhost:8888/api/person/v1"
    type: "PUT"
  - rel: "disable"
    href: "http://localhost:8888/api/person/v1/799"
    type: "PATCH"
  - rel: "delete"
    href: "http://localhost:8888/api/person/v1/799"
    type: "DELETE"
  - rel: "exportPage"
    href: "http://localhost:8888/api/person/v1/exportPage?page=1&size=12&direction=asc"
    title: "Export People"
    type: "GET"
  links: []
- id: 201
  firstName: "Allin"
  lastName: "Otridge"
  address: "09846 Independence Center"
  gender: "Male"
  enabled: false
  profileUrl: "https://pub.erudio.com.br/meus-cursos"
  photoUrl: "https://raw.githubusercontent.com/leandrocgsi/rest-with-spring-boot-and-java-erudio/refs/heads/main/photos/00_some_person.jpg"
  links:
  - rel: "findAll"
    href: "http://localhost:8888/api/person/v1?page=1&size=12&direction=asc"
    type: "GET"
  - rel: "findByName"
    href: "http://localhost:8888/api/person/v1/findPeopleByName/?page=1&size=12&direction=asc"
    type: "GET"
  - rel: "self"
    href: "http://localhost:8888/api/person/v1/201"
    type: "GET"
  - rel: "create"
    href: "http://localhost:8888/api/person/v1"
    type: "POST"
  - rel: "massCreation"
    href: "http://localhost:8888/api/person/v1/massCreation"
    type: "POST"
  - rel: "update"
    href: "http://localhost:8888/api/person/v1"
    type: "PUT"
  - rel: "disable"
    href: "http://localhost:8888/api/person/v1/201"
    type: "PATCH"
  - rel: "delete"
    href: "http://localhost:8888/api/person/v1/201"
    type: "DELETE"
  - rel: "exportPage"
    href: "http://localhost:8888/api/person/v1/exportPage?page=1&size=12&direction=asc"
    title: "Export People"
    type: "GET"
  links: []
- id: 688
  firstName: "Allyn"
  lastName: "Josh"
  address: "119 Declaration Lane"
  gender: "Female"
  enabled: false
  profileUrl: "https://pub.erudio.com.br/meus-cursos"
  photoUrl: "https://raw.githubusercontent.com/leandrocgsi/rest-with-spring-boot-and-java-erudio/refs/heads/main/photos/00_some_person.jpg"
  links:
  - rel: "findAll"
    href: "http://localhost:8888/api/person/v1?page=1&size=12&direction=asc"
    type: "GET"
  - rel: "findByName"
    href: "http://localhost:8888/api/person/v1/findPeopleByName/?page=1&size=12&direction=asc"
    type: "GET"
  - rel: "self"
    href: "http://localhost:8888/api/person/v1/688"
    type: "GET"
  - rel: "create"
    href: "http://localhost:8888/api/person/v1"
    type: "POST"
  - rel: "massCreation"
    href: "http://localhost:8888/api/person/v1/massCreation"
    type: "POST"
  - rel: "update"
    href: "http://localhost:8888/api/person/v1"
    type: "PUT"
  - rel: "disable"
    href: "http://localhost:8888/api/person/v1/688"
    type: "PATCH"
  - rel: "delete"
    href: "http://localhost:8888/api/person/v1/688"
    type: "DELETE"
  - rel: "exportPage"
    href: "http://localhost:8888/api/person/v1/exportPage?page=1&size=12&direction=asc"
    title: "Export People"
    type: "GET"
  links: []
- id: 689
  firstName: "Almeria"
  lastName: "Curm"
  address: "34 Burrows Point"
  gender: "Female"
  enabled: false
  profileUrl: "https://pub.erudio.com.br/meus-cursos"
  photoUrl: "https://raw.githubusercontent.com/leandrocgsi/rest-with-spring-boot-and-java-erudio/refs/heads/main/photos/00_some_person.jpg"
  links:
  - rel: "findAll"
    href: "http://localhost:8888/api/person/v1?page=1&size=12&direction=asc"
    type: "GET"
  - rel: "findByName"
    href: "http://localhost:8888/api/person/v1/findPeopleByName/?page=1&size=12&direction=asc"
    type: "GET"
  - rel: "self"
    href: "http://localhost:8888/api/person/v1/689"
    type: "GET"
  - rel: "create"
    href: "http://localhost:8888/api/person/v1"
    type: "POST"
  - rel: "massCreation"
    href: "http://localhost:8888/api/person/v1/massCreation"
    type: "POST"
  - rel: "update"
    href: "http://localhost:8888/api/person/v1"
    type: "PUT"
  - rel: "disable"
    href: "http://localhost:8888/api/person/v1/689"
    type: "PATCH"
  - rel: "delete"
    href: "http://localhost:8888/api/person/v1/689"
    type: "DELETE"
  - rel: "exportPage"
    href: "http://localhost:8888/api/person/v1/exportPage?page=1&size=12&direction=asc"
    title: "Export People"
    type: "GET"
  links: []
- id: 211
  firstName: "Alonso"
  lastName: "Luchelli"
  address: "9 Doe Crossing Avenue"
  gender: "Male"
  enabled: false
  profileUrl: "https://pub.erudio.com.br/meus-cursos"
  photoUrl: "https://raw.githubusercontent.com/leandrocgsi/rest-with-spring-boot-and-java-erudio/refs/heads/main/photos/00_some_person.jpg"
  links:
  - rel: "findAll"
    href: "http://localhost:8888/api/person/v1?page=1&size=12&direction=asc"
    type: "GET"
  - rel: "findByName"
    href: "http://localhost:8888/api/person/v1/findPeopleByName/?page=1&size=12&direction=asc"
    type: "GET"
  - rel: "self"
    href: "http://localhost:8888/api/person/v1/211"
    type: "GET"
  - rel: "create"
    href: "http://localhost:8888/api/person/v1"
    type: "POST"
  - rel: "massCreation"
    href: "http://localhost:8888/api/person/v1/massCreation"
    type: "POST"
  - rel: "update"
    href: "http://localhost:8888/api/person/v1"
    type: "PUT"
  - rel: "disable"
    href: "http://localhost:8888/api/person/v1/211"
    type: "PATCH"
  - rel: "delete"
    href: "http://localhost:8888/api/person/v1/211"
    type: "DELETE"
  - rel: "exportPage"
    href: "http://localhost:8888/api/person/v1/exportPage?page=1&size=12&direction=asc"
    title: "Export People"
    type: "GET"
  links: []
- id: 342
  firstName: "Alphonso"
  lastName: "Eddisforth"
  address: "485 Dayton Avenue"
  gender: "Male"
  enabled: true
  profileUrl: "https://pub.erudio.com.br/meus-cursos"
  photoUrl: "https://raw.githubusercontent.com/leandrocgsi/rest-with-spring-boot-and-java-erudio/refs/heads/main/photos/00_some_person.jpg"
  links:
  - rel: "findAll"
    href: "http://localhost:8888/api/person/v1?page=1&size=12&direction=asc"
    type: "GET"
  - rel: "findByName"
    href: "http://localhost:8888/api/person/v1/findPeopleByName/?page=1&size=12&direction=asc"
    type: "GET"
  - rel: "self"
    href: "http://localhost:8888/api/person/v1/342"
    type: "GET"
  - rel: "create"
    href: "http://localhost:8888/api/person/v1"
    type: "POST"
  - rel: "massCreation"
    href: "http://localhost:8888/api/person/v1/massCreation"
    type: "POST"
  - rel: "update"
    href: "http://localhost:8888/api/person/v1"
    type: "PUT"
  - rel: "disable"
    href: "http://localhost:8888/api/person/v1/342"
    type: "PATCH"
  - rel: "delete"
    href: "http://localhost:8888/api/person/v1/342"
    type: "DELETE"
  - rel: "exportPage"
    href: "http://localhost:8888/api/person/v1/exportPage?page=1&size=12&direction=asc"
    title: "Export People"
    type: "GET"
  links: []
- id: 245
  firstName: "Alvera"
  lastName: "MacMillan"
  address: "59929 Loeprich Place"
  gender: "Female"
  enabled: false
  profileUrl: "https://pub.erudio.com.br/meus-cursos"
  photoUrl: "https://raw.githubusercontent.com/leandrocgsi/rest-with-spring-boot-and-java-erudio/refs/heads/main/photos/00_some_person.jpg"
  links:
  - rel: "findAll"
    href: "http://localhost:8888/api/person/v1?page=1&size=12&direction=asc"
    type: "GET"
  - rel: "findByName"
    href: "http://localhost:8888/api/person/v1/findPeopleByName/?page=1&size=12&direction=asc"
    type: "GET"
  - rel: "self"
    href: "http://localhost:8888/api/person/v1/245"
    type: "GET"
  - rel: "create"
    href: "http://localhost:8888/api/person/v1"
    type: "POST"
  - rel: "massCreation"
    href: "http://localhost:8888/api/person/v1/massCreation"
    type: "POST"
  - rel: "update"
    href: "http://localhost:8888/api/person/v1"
    type: "PUT"
  - rel: "disable"
    href: "http://localhost:8888/api/person/v1/245"
    type: "PATCH"
  - rel: "delete"
    href: "http://localhost:8888/api/person/v1/245"
    type: "DELETE"
  - rel: "exportPage"
    href: "http://localhost:8888/api/person/v1/exportPage?page=1&size=12&direction=asc"
    title: "Export People"
    type: "GET"
  links: []
- id: 44
  firstName: "Alwin"
  lastName: "Flockhart"
  address: "81 Forest Run Alley"
  gender: "Male"
  enabled: false
  profileUrl: "https://pub.erudio.com.br/meus-cursos"
  photoUrl: "https://raw.githubusercontent.com/leandrocgsi/rest-with-spring-boot-and-java-erudio/refs/heads/main/photos/00_some_person.jpg"
  links:
  - rel: "findAll"
    href: "http://localhost:8888/api/person/v1?page=1&size=12&direction=asc"
    type: "GET"
  - rel: "findByName"
    href: "http://localhost:8888/api/person/v1/findPeopleByName/?page=1&size=12&direction=asc"
    type: "GET"
  - rel: "self"
    href: "http://localhost:8888/api/person/v1/44"
    type: "GET"
  - rel: "create"
    href: "http://localhost:8888/api/person/v1"
    type: "POST"
  - rel: "massCreation"
    href: "http://localhost:8888/api/person/v1/massCreation"
    type: "POST"
  - rel: "update"
    href: "http://localhost:8888/api/person/v1"
    type: "PUT"
  - rel: "disable"
    href: "http://localhost:8888/api/person/v1/44"
    type: "PATCH"
  - rel: "delete"
    href: "http://localhost:8888/api/person/v1/44"
    type: "DELETE"
  - rel: "exportPage"
    href: "http://localhost:8888/api/person/v1/exportPage?page=1&size=12&direction=asc"
    title: "Export People"
    type: "GET"
  links: []
- id: 326
  firstName: "Amargo"
  lastName: "Stalf"
  address: "9 Golf View Trail"
  gender: "Female"
  enabled: true
  profileUrl: "https://pub.erudio.com.br/meus-cursos"
  photoUrl: "https://raw.githubusercontent.com/leandrocgsi/rest-with-spring-boot-and-java-erudio/refs/heads/main/photos/00_some_person.jpg"
  links:
  - rel: "findAll"
    href: "http://localhost:8888/api/person/v1?page=1&size=12&direction=asc"
    type: "GET"
  - rel: "findByName"
    href: "http://localhost:8888/api/person/v1/findPeopleByName/?page=1&size=12&direction=asc"
    type: "GET"
  - rel: "self"
    href: "http://localhost:8888/api/person/v1/326"
    type: "GET"
  - rel: "create"
    href: "http://localhost:8888/api/person/v1"
    type: "POST"
  - rel: "massCreation"
    href: "http://localhost:8888/api/person/v1/massCreation"
    type: "POST"
  - rel: "update"
    href: "http://localhost:8888/api/person/v1"
    type: "PUT"
  - rel: "disable"
    href: "http://localhost:8888/api/person/v1/326"
    type: "PATCH"
  - rel: "delete"
    href: "http://localhost:8888/api/person/v1/326"
    type: "DELETE"
  - rel: "exportPage"
    href: "http://localhost:8888/api/person/v1/exportPage?page=1&size=12&direction=asc"
    title: "Export People"
    type: "GET"
  links: []
- id: 841
  firstName: "Amberly"
  lastName: "Faherty"
  address: "5906 Harbort Way"
  gender: "Female"
  enabled: false
  profileUrl: "https://pub.erudio.com.br/meus-cursos"
  photoUrl: "https://raw.githubusercontent.com/leandrocgsi/rest-with-spring-boot-and-java-erudio/refs/heads/main/photos/00_some_person.jpg"
  links:
  - rel: "findAll"
    href: "http://localhost:8888/api/person/v1?page=1&size=12&direction=asc"
    type: "GET"
  - rel: "findByName"
    href: "http://localhost:8888/api/person/v1/findPeopleByName/?page=1&size=12&direction=asc"
    type: "GET"
  - rel: "self"
    href: "http://localhost:8888/api/person/v1/841"
    type: "GET"
  - rel: "create"
    href: "http://localhost:8888/api/person/v1"
    type: "POST"
  - rel: "massCreation"
    href: "http://localhost:8888/api/person/v1/massCreation"
    type: "POST"
  - rel: "update"
    href: "http://localhost:8888/api/person/v1"
    type: "PUT"
  - rel: "disable"
    href: "http://localhost:8888/api/person/v1/841"
    type: "PATCH"
  - rel: "delete"
    href: "http://localhost:8888/api/person/v1/841"
    type: "DELETE"
  - rel: "exportPage"
    href: "http://localhost:8888/api/person/v1/exportPage?page=1&size=12&direction=asc"
    title: "Export People"
    type: "GET"
  links: []
- id: 947
  firstName: "Ambros"
  lastName: "Garrit"
  address: "27 School Pass"
  gender: "Male"
  enabled: true
  profileUrl: "https://pub.erudio.com.br/meus-cursos"
  photoUrl: "https://raw.githubusercontent.com/leandrocgsi/rest-with-spring-boot-and-java-erudio/refs/heads/main/photos/00_some_person.jpg"
  links:
  - rel: "findAll"
    href: "http://localhost:8888/api/person/v1?page=1&size=12&direction=asc"
    type: "GET"
  - rel: "findByName"
    href: "http://localhost:8888/api/person/v1/findPeopleByName/?page=1&size=12&direction=asc"
    type: "GET"
  - rel: "self"
    href: "http://localhost:8888/api/person/v1/947"
    type: "GET"
  - rel: "create"
    href: "http://localhost:8888/api/person/v1"
    type: "POST"
  - rel: "massCreation"
    href: "http://localhost:8888/api/person/v1/massCreation"
    type: "POST"
  - rel: "update"
    href: "http://localhost:8888/api/person/v1"
    type: "PUT"
  - rel: "disable"
    href: "http://localhost:8888/api/person/v1/947"
    type: "PATCH"
  - rel: "delete"
    href: "http://localhost:8888/api/person/v1/947"
    type: "DELETE"
  - rel: "exportPage"
    href: "http://localhost:8888/api/person/v1/exportPage?page=1&size=12&direction=asc"
    title: "Export People"
    type: "GET"
  links: []
- id: 190
  firstName: "Ambrosio"
  lastName: "Stoneham"
  address: "97 Loomis Avenue"
  gender: "Male"
  enabled: false
  profileUrl: "https://pub.erudio.com.br/meus-cursos"
  photoUrl: "https://raw.githubusercontent.com/leandrocgsi/rest-with-spring-boot-and-java-erudio/refs/heads/main/photos/00_some_person.jpg"
  links:
  - rel: "findAll"
    href: "http://localhost:8888/api/person/v1?page=1&size=12&direction=asc"
    type: "GET"
  - rel: "findByName"
    href: "http://localhost:8888/api/person/v1/findPeopleByName/?page=1&size=12&direction=asc"
    type: "GET"
  - rel: "self"
    href: "http://localhost:8888/api/person/v1/190"
    type: "GET"
  - rel: "create"
    href: "http://localhost:8888/api/person/v1"
    type: "POST"
  - rel: "massCreation"
    href: "http://localhost:8888/api/person/v1/massCreation"
    type: "POST"
  - rel: "update"
    href: "http://localhost:8888/api/person/v1"
    type: "PUT"
  - rel: "disable"
    href: "http://localhost:8888/api/person/v1/190"
    type: "PATCH"
  - rel: "delete"
    href: "http://localhost:8888/api/person/v1/190"
    type: "DELETE"
  - rel: "exportPage"
    href: "http://localhost:8888/api/person/v1/exportPage?page=1&size=12&direction=asc"
    title: "Export People"
    type: "GET"
  links: []
page:
  size: 12
  totalElements: 1010
  totalPages: 85
  number: 3

]]></system-out>
  </testcase>
  <testcase name="findByNameTestTest" classname="br.com.erudio.integrationtests.controllers.withyaml.PersonControllerYamlTest" time="0.103">
    <system-out><![CDATA[Request method:	GET
Request URI:	http://localhost:8888/api/person/v1/findPeopleByName/and?page=0&size=12&direction=asc
Proxy:			<none>
Request params:	<none>
Query params:	page=0
				size=12
				direction=asc
Form params:	<none>
Path params:	firstName=and
Headers:		Origin=https://www.erudio.com.br
				Authorization=Bearer eyJhbGciOiJIUzI1NiIsInR5cCI6IkpXVCJ9.eyJyb2xlcyI6WyJBRE1JTiIsIk1BTkFHRVIiXSwiaWF0IjoxNzc1MzMxODM0LCJleHAiOjE3NzUzNDI2MzQsInN1YiI6ImxlYW5kcm8ifQ.2YHhbm2SbrWJnfV0XeqtAtHYAdWvP12AVF3xqx4dmsw
				Accept=application/yaml
Cookies:		<none>
Multiparts:		<none>
Body:			<none>
2026-04-04T16:43:55.247-03:00  INFO 19096 --- [rest-with-spring-boot-and-java-erudio] [nio-8888-exec-2] br.com.erudio.services.PersonService     : Finding People by name!
HTTP/1.1 200 
Vary: Origin
Vary: Access-Control-Request-Method
Vary: Access-Control-Request-Headers
Access-Control-Allow-Origin: https://www.erudio.com.br
Access-Control-Allow-Credentials: true
X-Content-Type-Options: nosniff
X-XSS-Protection: 0
Cache-Control: no-cache, no-store, max-age=0, must-revalidate
Pragma: no-cache
Expires: 0
X-Frame-Options: DENY
Content-Type: application/yaml
Transfer-Encoding: chunked
Date: Sat, 04 Apr 2026 19:43:55 GMT
Keep-Alive: timeout=60
Connection: keep-alive

---
links:
- rel: "first"
  href: "http://localhost:8888/api/person/v1?direction=firstName%3A%20ASC&page=0&size=12&sort=firstName,asc"
- rel: "self"
  href: "http://localhost:8888/api/person/v1?page=0&size=12&direction=firstName%3A%20ASC"
- rel: "next"
  href: "http://localhost:8888/api/person/v1?direction=firstName%3A%20ASC&page=1&size=12&sort=firstName,asc"
- rel: "last"
  href: "http://localhost:8888/api/person/v1?direction=firstName%3A%20ASC&page=1&size=12&sort=firstName,asc"
content:
- id: 817
  firstName: "Alessandro"
  lastName: "McFaul"
  address: "5 Lukken Plaza"
  gender: "Male"
  enabled: true
  profileUrl: "https://pub.erudio.com.br/meus-cursos"
  photoUrl: "https://raw.githubusercontent.com/leandrocgsi/rest-with-spring-boot-and-java-erudio/refs/heads/main/photos/00_some_person.jpg"
  links:
  - rel: "findAll"
    href: "http://localhost:8888/api/person/v1?page=1&size=12&direction=asc"
    type: "GET"
  - rel: "findByName"
    href: "http://localhost:8888/api/person/v1/findPeopleByName/?page=1&size=12&direction=asc"
    type: "GET"
  - rel: "self"
    href: "http://localhost:8888/api/person/v1/817"
    type: "GET"
  - rel: "create"
    href: "http://localhost:8888/api/person/v1"
    type: "POST"
  - rel: "massCreation"
    href: "http://localhost:8888/api/person/v1/massCreation"
    type: "POST"
  - rel: "update"
    href: "http://localhost:8888/api/person/v1"
    type: "PUT"
  - rel: "disable"
    href: "http://localhost:8888/api/person/v1/817"
    type: "PATCH"
  - rel: "delete"
    href: "http://localhost:8888/api/person/v1/817"
    type: "DELETE"
  - rel: "exportPage"
    href: "http://localhost:8888/api/person/v1/exportPage?page=1&size=12&direction=asc"
    title: "Export People"
    type: "GET"
  links: []
- id: 770
  firstName: "Andrey"
  lastName: "Climar"
  address: "77478 Northridge Point"
  gender: "Male"
  enabled: true
  profileUrl: "https://pub.erudio.com.br/meus-cursos"
  photoUrl: "https://raw.githubusercontent.com/leandrocgsi/rest-with-spring-boot-and-java-erudio/refs/heads/main/photos/00_some_person.jpg"
  links:
  - rel: "findAll"
    href: "http://localhost:8888/api/person/v1?page=1&size=12&direction=asc"
    type: "GET"
  - rel: "findByName"
    href: "http://localhost:8888/api/person/v1/findPeopleByName/?page=1&size=12&direction=asc"
    type: "GET"
  - rel: "self"
    href: "http://localhost:8888/api/person/v1/770"
    type: "GET"
  - rel: "create"
    href: "http://localhost:8888/api/person/v1"
    type: "POST"
  - rel: "massCreation"
    href: "http://localhost:8888/api/person/v1/massCreation"
    type: "POST"
  - rel: "update"
    href: "http://localhost:8888/api/person/v1"
    type: "PUT"
  - rel: "disable"
    href: "http://localhost:8888/api/person/v1/770"
    type: "PATCH"
  - rel: "delete"
    href: "http://localhost:8888/api/person/v1/770"
    type: "DELETE"
  - rel: "exportPage"
    href: "http://localhost:8888/api/person/v1/exportPage?page=1&size=12&direction=asc"
    title: "Export People"
    type: "GET"
  links: []
- id: 562
  firstName: "Bertrando"
  lastName: "Becconsall"
  address: "35 Dryden Junction"
  gender: "Male"
  enabled: true
  profileUrl: "https://pub.erudio.com.br/meus-cursos"
  photoUrl: "https://raw.githubusercontent.com/leandrocgsi/rest-with-spring-boot-and-java-erudio/refs/heads/main/photos/00_some_person.jpg"
  links:
  - rel: "findAll"
    href: "http://localhost:8888/api/person/v1?page=1&size=12&direction=asc"
    type: "GET"
  - rel: "findByName"
    href: "http://localhost:8888/api/person/v1/findPeopleByName/?page=1&size=12&direction=asc"
    type: "GET"
  - rel: "self"
    href: "http://localhost:8888/api/person/v1/562"
    type: "GET"
  - rel: "create"
    href: "http://localhost:8888/api/person/v1"
    type: "POST"
  - rel: "massCreation"
    href: "http://localhost:8888/api/person/v1/massCreation"
    type: "POST"
  - rel: "update"
    href: "http://localhost:8888/api/person/v1"
    type: "PUT"
  - rel: "disable"
    href: "http://localhost:8888/api/person/v1/562"
    type: "PATCH"
  - rel: "delete"
    href: "http://localhost:8888/api/person/v1/562"
    type: "DELETE"
  - rel: "exportPage"
    href: "http://localhost:8888/api/person/v1/exportPage?page=1&size=12&direction=asc"
    title: "Export People"
    type: "GET"
  links: []
- id: 48
  firstName: "Brander"
  lastName: "Besnardeau"
  address: "81352 Melby Lane"
  gender: "Male"
  enabled: false
  profileUrl: "https://pub.erudio.com.br/meus-cursos"
  photoUrl: "https://raw.githubusercontent.com/leandrocgsi/rest-with-spring-boot-and-java-erudio/refs/heads/main/photos/00_some_person.jpg"
  links:
  - rel: "findAll"
    href: "http://localhost:8888/api/person/v1?page=1&size=12&direction=asc"
    type: "GET"
  - rel: "findByName"
    href: "http://localhost:8888/api/person/v1/findPeopleByName/?page=1&size=12&direction=asc"
    type: "GET"
  - rel: "self"
    href: "http://localhost:8888/api/person/v1/48"
    type: "GET"
  - rel: "create"
    href: "http://localhost:8888/api/person/v1"
    type: "POST"
  - rel: "massCreation"
    href: "http://localhost:8888/api/person/v1/massCreation"
    type: "POST"
  - rel: "update"
    href: "http://localhost:8888/api/person/v1"
    type: "PUT"
  - rel: "disable"
    href: "http://localhost:8888/api/person/v1/48"
    type: "PATCH"
  - rel: "delete"
    href: "http://localhost:8888/api/person/v1/48"
    type: "DELETE"
  - rel: "exportPage"
    href: "http://localhost:8888/api/person/v1/exportPage?page=1&size=12&direction=asc"
    title: "Export People"
    type: "GET"
  links: []
- id: 796
  firstName: "Brandyn"
  lastName: "Grasha"
  address: "96 Mosinee Parkway"
  gender: "Male"
  enabled: true
  profileUrl: "https://pub.erudio.com.br/meus-cursos"
  photoUrl: "https://raw.githubusercontent.com/leandrocgsi/rest-with-spring-boot-and-java-erudio/refs/heads/main/photos/00_some_person.jpg"
  links:
  - rel: "findAll"
    href: "http://localhost:8888/api/person/v1?page=1&size=12&direction=asc"
    type: "GET"
  - rel: "findByName"
    href: "http://localhost:8888/api/person/v1/findPeopleByName/?page=1&size=12&direction=asc"
    type: "GET"
  - rel: "self"
    href: "http://localhost:8888/api/person/v1/796"
    type: "GET"
  - rel: "create"
    href: "http://localhost:8888/api/person/v1"
    type: "POST"
  - rel: "massCreation"
    href: "http://localhost:8888/api/person/v1/massCreation"
    type: "POST"
  - rel: "update"
    href: "http://localhost:8888/api/person/v1"
    type: "PUT"
  - rel: "disable"
    href: "http://localhost:8888/api/person/v1/796"
    type: "PATCH"
  - rel: "delete"
    href: "http://localhost:8888/api/person/v1/796"
    type: "DELETE"
  - rel: "exportPage"
    href: "http://localhost:8888/api/person/v1/exportPage?page=1&size=12&direction=asc"
    title: "Export People"
    type: "GET"
  links: []
- id: 164
  firstName: "Cassandra"
  lastName: "O'Keefe"
  address: "20163 Summer Ridge Avenue"
  gender: "Female"
  enabled: false
  profileUrl: "https://pub.erudio.com.br/meus-cursos"
  photoUrl: "https://raw.githubusercontent.com/leandrocgsi/rest-with-spring-boot-and-java-erudio/refs/heads/main/photos/00_some_person.jpg"
  links:
  - rel: "findAll"
    href: "http://localhost:8888/api/person/v1?page=1&size=12&direction=asc"
    type: "GET"
  - rel: "findByName"
    href: "http://localhost:8888/api/person/v1/findPeopleByName/?page=1&size=12&direction=asc"
    type: "GET"
  - rel: "self"
    href: "http://localhost:8888/api/person/v1/164"
    type: "GET"
  - rel: "create"
    href: "http://localhost:8888/api/person/v1"
    type: "POST"
  - rel: "massCreation"
    href: "http://localhost:8888/api/person/v1/massCreation"
    type: "POST"
  - rel: "update"
    href: "http://localhost:8888/api/person/v1"
    type: "PUT"
  - rel: "disable"
    href: "http://localhost:8888/api/person/v1/164"
    type: "PATCH"
  - rel: "delete"
    href: "http://localhost:8888/api/person/v1/164"
    type: "DELETE"
  - rel: "exportPage"
    href: "http://localhost:8888/api/person/v1/exportPage?page=1&size=12&direction=asc"
    title: "Export People"
    type: "GET"
  links: []
- id: 330
  firstName: "Cassandre"
  lastName: "Mollen"
  address: "939 Marquette Way"
  gender: "Female"
  enabled: true
  profileUrl: "https://pub.erudio.com.br/meus-cursos"
  photoUrl: "https://raw.githubusercontent.com/leandrocgsi/rest-with-spring-boot-and-java-erudio/refs/heads/main/photos/00_some_person.jpg"
  links:
  - rel: "findAll"
    href: "http://localhost:8888/api/person/v1?page=1&size=12&direction=asc"
    type: "GET"
  - rel: "findByName"
    href: "http://localhost:8888/api/person/v1/findPeopleByName/?page=1&size=12&direction=asc"
    type: "GET"
  - rel: "self"
    href: "http://localhost:8888/api/person/v1/330"
    type: "GET"
  - rel: "create"
    href: "http://localhost:8888/api/person/v1"
    type: "POST"
  - rel: "massCreation"
    href: "http://localhost:8888/api/person/v1/massCreation"
    type: "POST"
  - rel: "update"
    href: "http://localhost:8888/api/person/v1"
    type: "PUT"
  - rel: "disable"
    href: "http://localhost:8888/api/person/v1/330"
    type: "PATCH"
  - rel: "delete"
    href: "http://localhost:8888/api/person/v1/330"
    type: "DELETE"
  - rel: "exportPage"
    href: "http://localhost:8888/api/person/v1/exportPage?page=1&size=12&direction=asc"
    title: "Export People"
    type: "GET"
  links: []
- id: 567
  firstName: "Kandy"
  lastName: "Colquhoun"
  address: "92 Doe Crossing Crossing"
  gender: "Female"
  enabled: false
  profileUrl: "https://pub.erudio.com.br/meus-cursos"
  photoUrl: "https://raw.githubusercontent.com/leandrocgsi/rest-with-spring-boot-and-java-erudio/refs/heads/main/photos/00_some_person.jpg"
  links:
  - rel: "findAll"
    href: "http://localhost:8888/api/person/v1?page=1&size=12&direction=asc"
    type: "GET"
  - rel: "findByName"
    href: "http://localhost:8888/api/person/v1/findPeopleByName/?page=1&size=12&direction=asc"
    type: "GET"
  - rel: "self"
    href: "http://localhost:8888/api/person/v1/567"
    type: "GET"
  - rel: "create"
    href: "http://localhost:8888/api/person/v1"
    type: "POST"
  - rel: "massCreation"
    href: "http://localhost:8888/api/person/v1/massCreation"
    type: "POST"
  - rel: "update"
    href: "http://localhost:8888/api/person/v1"
    type: "PUT"
  - rel: "disable"
    href: "http://localhost:8888/api/person/v1/567"
    type: "PATCH"
  - rel: "delete"
    href: "http://localhost:8888/api/person/v1/567"
    type: "DELETE"
  - rel: "exportPage"
    href: "http://localhost:8888/api/person/v1/exportPage?page=1&size=12&direction=asc"
    title: "Export People"
    type: "GET"
  links: []
- id: 709
  firstName: "Leland"
  lastName: "Bedo"
  address: "852 Atwood Park"
  gender: "Female"
  enabled: false
  profileUrl: "https://pub.erudio.com.br/meus-cursos"
  photoUrl: "https://raw.githubusercontent.com/leandrocgsi/rest-with-spring-boot-and-java-erudio/refs/heads/main/photos/00_some_person.jpg"
  links:
  - rel: "findAll"
    href: "http://localhost:8888/api/person/v1?page=1&size=12&direction=asc"
    type: "GET"
  - rel: "findByName"
    href: "http://localhost:8888/api/person/v1/findPeopleByName/?page=1&size=12&direction=asc"
    type: "GET"
  - rel: "self"
    href: "http://localhost:8888/api/person/v1/709"
    type: "GET"
  - rel: "create"
    href: "http://localhost:8888/api/person/v1"
    type: "POST"
  - rel: "massCreation"
    href: "http://localhost:8888/api/person/v1/massCreation"
    type: "POST"
  - rel: "update"
    href: "http://localhost:8888/api/person/v1"
    type: "PUT"
  - rel: "disable"
    href: "http://localhost:8888/api/person/v1/709"
    type: "PATCH"
  - rel: "delete"
    href: "http://localhost:8888/api/person/v1/709"
    type: "DELETE"
  - rel: "exportPage"
    href: "http://localhost:8888/api/person/v1/exportPage?page=1&size=12&direction=asc"
    title: "Export People"
    type: "GET"
  links: []
- id: 974
  firstName: "Mandel"
  lastName: "Tokley"
  address: "8885 Shasta Circle"
  gender: "Male"
  enabled: true
  profileUrl: "https://pub.erudio.com.br/meus-cursos"
  photoUrl: "https://raw.githubusercontent.com/leandrocgsi/rest-with-spring-boot-and-java-erudio/refs/heads/main/photos/00_some_person.jpg"
  links:
  - rel: "findAll"
    href: "http://localhost:8888/api/person/v1?page=1&size=12&direction=asc"
    type: "GET"
  - rel: "findByName"
    href: "http://localhost:8888/api/person/v1/findPeopleByName/?page=1&size=12&direction=asc"
    type: "GET"
  - rel: "self"
    href: "http://localhost:8888/api/person/v1/974"
    type: "GET"
  - rel: "create"
    href: "http://localhost:8888/api/person/v1"
    type: "POST"
  - rel: "massCreation"
    href: "http://localhost:8888/api/person/v1/massCreation"
    type: "POST"
  - rel: "update"
    href: "http://localhost:8888/api/person/v1"
    type: "PUT"
  - rel: "disable"
    href: "http://localhost:8888/api/person/v1/974"
    type: "PATCH"
  - rel: "delete"
    href: "http://localhost:8888/api/person/v1/974"
    type: "DELETE"
  - rel: "exportPage"
    href: "http://localhost:8888/api/person/v1/exportPage?page=1&size=12&direction=asc"
    title: "Export People"
    type: "GET"
  links: []
- id: 291
  firstName: "Miranda"
  lastName: "Widdowes"
  address: "6 Onsgard Alley"
  gender: "Female"
  enabled: false
  profileUrl: "https://pub.erudio.com.br/meus-cursos"
  photoUrl: "https://raw.githubusercontent.com/leandrocgsi/rest-with-spring-boot-and-java-erudio/refs/heads/main/photos/00_some_person.jpg"
  links:
  - rel: "findAll"
    href: "http://localhost:8888/api/person/v1?page=1&size=12&direction=asc"
    type: "GET"
  - rel: "findByName"
    href: "http://localhost:8888/api/person/v1/findPeopleByName/?page=1&size=12&direction=asc"
    type: "GET"
  - rel: "self"
    href: "http://localhost:8888/api/person/v1/291"
    type: "GET"
  - rel: "create"
    href: "http://localhost:8888/api/person/v1"
    type: "POST"
  - rel: "massCreation"
    href: "http://localhost:8888/api/person/v1/massCreation"
    type: "POST"
  - rel: "update"
    href: "http://localhost:8888/api/person/v1"
    type: "PUT"
  - rel: "disable"
    href: "http://localhost:8888/api/person/v1/291"
    type: "PATCH"
  - rel: "delete"
    href: "http://localhost:8888/api/person/v1/291"
    type: "DELETE"
  - rel: "exportPage"
    href: "http://localhost:8888/api/person/v1/exportPage?page=1&size=12&direction=asc"
    title: "Export People"
    type: "GET"
  links: []
- id: 389
  firstName: "Randal"
  lastName: "Broadbear"
  address: "162 Moulton Junction"
  gender: "Male"
  enabled: true
  profileUrl: "https://pub.erudio.com.br/meus-cursos"
  photoUrl: "https://raw.githubusercontent.com/leandrocgsi/rest-with-spring-boot-and-java-erudio/refs/heads/main/photos/00_some_person.jpg"
  links:
  - rel: "findAll"
    href: "http://localhost:8888/api/person/v1?page=1&size=12&direction=asc"
    type: "GET"
  - rel: "findByName"
    href: "http://localhost:8888/api/person/v1/findPeopleByName/?page=1&size=12&direction=asc"
    type: "GET"
  - rel: "self"
    href: "http://localhost:8888/api/person/v1/389"
    type: "GET"
  - rel: "create"
    href: "http://localhost:8888/api/person/v1"
    type: "POST"
  - rel: "massCreation"
    href: "http://localhost:8888/api/person/v1/massCreation"
    type: "POST"
  - rel: "update"
    href: "http://localhost:8888/api/person/v1"
    type: "PUT"
  - rel: "disable"
    href: "http://localhost:8888/api/person/v1/389"
    type: "PATCH"
  - rel: "delete"
    href: "http://localhost:8888/api/person/v1/389"
    type: "DELETE"
  - rel: "exportPage"
    href: "http://localhost:8888/api/person/v1/exportPage?page=1&size=12&direction=asc"
    title: "Export People"
    type: "GET"
  links: []
page:
  size: 12
  totalElements: 16
  totalPages: 2
  number: 0

]]></system-out>
  </testcase>
</testsuite>