<?xml version="1.0" encoding="UTF-8"?>
<testsuite xmlns:xsi="http://www.w3.org/2001/XMLSchema-instance" xsi:noNamespaceSchemaLocation="https://maven.apache.org/surefire/maven-surefire-plugin/xsd/surefire-test-report.xsd" version="3.0.2" name="br.com.erudio.integrationtests.controllers.cors.withjson.PersonControllerCorsTest" time="45.076" tests="5" errors="0" skipped="0" failures="0">
  <properties>
[...]
</properties>
  <testcase name="signin" classname="br.com.erudio.integrationtests.controllers.cors.withjson.PersonControllerCorsTest" time="3.812">
    <system-out><![CDATA[16:42:59.986 [main] INFO org.springframework.test.context.support.AnnotationConfigContextLoaderUtils -- Could not detect default configuration classes for test class [br.com.erudio.integrationtests.testcontainers.AbstractIntegrationTest]: AbstractIntegrationTest does not declare any static, non-private, non-final, nested classes annotated with @Configuration.
16:43:00.270 [main] INFO org.springframework.boot.test.context.SpringBootTestContextBootstrapper -- Found @SpringBootConfiguration br.com.erudio.Startup for test class br.com.erudio.integrationtests.controllers.cors.withjson.PersonControllerCorsTest
16:43:01.064 [main] INFO org.testcontainers.images.PullPolicy -- Image pull policy will be performed by: DefaultPullPolicy()
16:43:01.071 [main] INFO org.testcontainers.utility.ImageNameSubstitutor -- Image name substitution will be performed by: DefaultImageNameSubstitutor (composite of 'ConfigurationFileImageNameSubstitutor' and 'PrefixingImageNameSubstitutor')
16:43:01.177 [main] INFO org.springframework.boot.devtools.restart.RestartApplicationListener -- Restart disabled due to context in which it is running

  .   ____          _            __ _ _
 /\\ / ___'_ __ _ _(_)_ __  __ _ \ \ \ \
( ( )\___ | '_ | '_| | '_ \/ _` | \ \ \ \
 \\/  ___)| |_)| | | | | || (_| |  ) ) ) )
  '  |____| .__|_| |_|_| |_\__, | / / / /
 =========|_|==============|___/=/_/_/_/

 :: Spring Boot ::                (v3.4.1)

2026-04-04T16:43:02.102-03:00  INFO 19096 --- [rest-with-spring-boot-and-java-erudio] [ers-lifecycle-0] org.testcontainers.DockerClientFactory   : Testcontainers version: 1.20.4
2026-04-04T16:43:02.463-03:00  INFO 19096 --- [rest-with-spring-boot-and-java-erudio] [ers-lifecycle-0] o.t.d.DockerClientProviderStrategy       : Loaded org.testcontainers.dockerclient.NpipeSocketClientProviderStrategy from ~/.testcontainers.properties, will try it first
2026-04-04T16:43:02.940-03:00  INFO 19096 --- [rest-with-spring-boot-and-java-erudio] [ers-lifecycle-0] o.t.d.DockerClientProviderStrategy       : Found Docker environment with local Npipe socket (npipe:////./pipe/docker_engine)
2026-04-04T16:43:02.941-03:00  INFO 19096 --- [rest-with-spring-boot-and-java-erudio] [ers-lifecycle-0] org.testcontainers.DockerClientFactory   : Docker host IP address is localhost
2026-04-04T16:43:02.972-03:00  INFO 19096 --- [rest-with-spring-boot-and-java-erudio] [ers-lifecycle-0] org.testcontainers.DockerClientFactory   : Connected to docker: 
  Server Version: 28.3.2
  API Version: 1.51
  Operating System: Docker Desktop
  Total Memory: 7859 MB
  Labels: 
    com.docker.desktop.address=npipe://\\.\pipe\docker_cli
2026-04-04T16:43:03.188-03:00  INFO 19096 --- [rest-with-spring-boot-and-java-erudio] [ers-lifecycle-0] tc.testcontainers/ryuk:0.11.0            : Creating container for image: testcontainers/ryuk:0.11.0
2026-04-04T16:43:03.791-03:00  INFO 19096 --- [rest-with-spring-boot-and-java-erudio] [ers-lifecycle-0] tc.testcontainers/ryuk:0.11.0            : Container testcontainers/ryuk:0.11.0 is starting: 7042dc7cdcefa6c47c337c4fc67f975c7017330583bbfbc7010d55edad2a4282
2026-04-04T16:43:04.688-03:00  INFO 19096 --- [rest-with-spring-boot-and-java-erudio] [ers-lifecycle-0] tc.testcontainers/ryuk:0.11.0            : Container testcontainers/ryuk:0.11.0 started in PT1.4996891S
2026-04-04T16:43:04.700-03:00  INFO 19096 --- [rest-with-spring-boot-and-java-erudio] [ers-lifecycle-0] o.t.utility.RyukResourceReaper           : Ryuk started - will monitor and terminate Testcontainers containers on JVM exit
2026-04-04T16:43:04.701-03:00  INFO 19096 --- [rest-with-spring-boot-and-java-erudio] [ers-lifecycle-0] org.testcontainers.DockerClientFactory   : Checking the system...
2026-04-04T16:43:04.703-03:00  INFO 19096 --- [rest-with-spring-boot-and-java-erudio] [ers-lifecycle-0] org.testcontainers.DockerClientFactory   : ✔︎ Docker server version should be at least 1.6.0
2026-04-04T16:43:04.708-03:00  INFO 19096 --- [rest-with-spring-boot-and-java-erudio] [ers-lifecycle-0] tc.mysql:9.1.0                           : Creating container for image: mysql:9.1.0
2026-04-04T16:43:05.241-03:00  INFO 19096 --- [rest-with-spring-boot-and-java-erudio] [ers-lifecycle-0] tc.mysql:9.1.0                           : Container mysql:9.1.0 is starting: 149941e90964fdd45d75c38d3597597d8622d493c2c2caa491fb47575c9e401d
2026-04-04T16:43:06.029-03:00  INFO 19096 --- [rest-with-spring-boot-and-java-erudio] [ers-lifecycle-0] tc.mysql:9.1.0                           : Waiting for database connection to become available at jdbc:mysql://localhost:55853/test using query 'SELECT 1'
2026-04-04T16:43:25.835-03:00  INFO 19096 --- [rest-with-spring-boot-and-java-erudio] [ers-lifecycle-0] tc.mysql:9.1.0                           : Container mysql:9.1.0 started in PT21.1272916S
2026-04-04T16:43:25.835-03:00  INFO 19096 --- [rest-with-spring-boot-and-java-erudio] [ers-lifecycle-0] tc.mysql:9.1.0                           : Container is started (JDBC URL: jdbc:mysql://localhost:55853/test)
2026-04-04T16:43:25.840-03:00  INFO 19096 --- [rest-with-spring-boot-and-java-erudio] [           main] b.c.e.i.c.c.w.PersonControllerCorsTest   : Starting PersonControllerCorsTest using Java 22.0.1 with PID 19096 (started by Henrique in c:\Users\Henrique\Desktop\Dockerizando aplicação Spring\rest-with-spring-boot-and-java-erudio)
2026-04-04T16:43:25.841-03:00  INFO 19096 --- [rest-with-spring-boot-and-java-erudio] [           main] b.c.e.i.c.c.w.PersonControllerCorsTest   : No active profile set, falling back to 1 default profile: "default"
2026-04-04T16:43:27.800-03:00  INFO 19096 --- [rest-with-spring-boot-and-java-erudio] [           main] .s.d.r.c.RepositoryConfigurationDelegate : Bootstrapping Spring Data JPA repositories in DEFAULT mode.
2026-04-04T16:43:27.953-03:00  INFO 19096 --- [rest-with-spring-boot-and-java-erudio] [           main] .s.d.r.c.RepositoryConfigurationDelegate : Finished Spring Data repository scanning in 139 ms. Found 3 JPA repository interfaces.
2026-04-04T16:43:29.273-03:00  INFO 19096 --- [rest-with-spring-boot-and-java-erudio] [           main] o.s.b.w.embedded.tomcat.TomcatWebServer  : Tomcat initialized with port 8888 (http)
2026-04-04T16:43:29.296-03:00  INFO 19096 --- [rest-with-spring-boot-and-java-erudio] [           main] o.apache.catalina.core.StandardService   : Starting service [Tomcat]
2026-04-04T16:43:29.297-03:00  INFO 19096 --- [rest-with-spring-boot-and-java-erudio] [           main] o.apache.catalina.core.StandardEngine    : Starting Servlet engine: [Apache Tomcat/10.1.34]
2026-04-04T16:43:29.476-03:00  INFO 19096 --- [rest-with-spring-boot-and-java-erudio] [           main] o.a.c.c.C.[Tomcat].[localhost].[/]       : Initializing Spring embedded WebApplicationContext
2026-04-04T16:43:29.477-03:00  INFO 19096 --- [rest-with-spring-boot-and-java-erudio] [           main] w.s.c.ServletWebServerApplicationContext : Root WebApplicationContext: initialization completed in 3311 ms
2026-04-04T16:43:29.957-03:00  INFO 19096 --- [rest-with-spring-boot-and-java-erudio] [           main] com.zaxxer.hikari.HikariDataSource       : HikariPool-1 - Starting...
2026-04-04T16:43:30.385-03:00  INFO 19096 --- [rest-with-spring-boot-and-java-erudio] [           main] com.zaxxer.hikari.pool.HikariPool        : HikariPool-1 - Added connection com.mysql.cj.jdbc.ConnectionImpl@1ab85862
2026-04-04T16:43:30.388-03:00  INFO 19096 --- [rest-with-spring-boot-and-java-erudio] [           main] com.zaxxer.hikari.HikariDataSource       : HikariPool-1 - Start completed.
2026-04-04T16:43:30.461-03:00  INFO 19096 --- [rest-with-spring-boot-and-java-erudio] [           main] org.flywaydb.core.FlywayExecutor         : Database: jdbc:mysql://localhost:55853/test (MySQL 9.1)
2026-04-04T16:43:31.044-03:00  WARN 19096 --- [rest-with-spring-boot-and-java-erudio] [           main] o.f.c.internal.database.base.Database    : Flyway upgrade recommended: MySQL 9.1 is newer than this version of Flyway and support has not been tested. The latest supported version of MySQL is 8.1.
2026-04-04T16:43:31.112-03:00  INFO 19096 --- [rest-with-spring-boot-and-java-erudio] [           main] o.f.c.i.s.JdbcTableSchemaHistory         : Schema history table `test`.`flyway_schema_history` does not exist yet
2026-04-04T16:43:31.120-03:00  INFO 19096 --- [rest-with-spring-boot-and-java-erudio] [           main] o.f.core.internal.command.DbValidate     : Successfully validated 18 migrations (execution time 00:00.051s)
2026-04-04T16:43:31.187-03:00  INFO 19096 --- [rest-with-spring-boot-and-java-erudio] [           main] o.f.c.i.s.JdbcTableSchemaHistory         : Creating Schema History table `test`.`flyway_schema_history` ...
2026-04-04T16:43:31.363-03:00  INFO 19096 --- [rest-with-spring-boot-and-java-erudio] [           main] o.f.core.internal.command.DbMigrate      : Current version of schema `test`: << Empty Schema >>
2026-04-04T16:43:31.378-03:00  INFO 19096 --- [rest-with-spring-boot-and-java-erudio] [           main] o.f.core.internal.command.DbMigrate      : Migrating schema `test` to version "1 - Create Table Person"
2026-04-04T16:43:31.436-03:00  WARN 19096 --- [rest-with-spring-boot-and-java-erudio] [           main] o.f.c.i.s.DefaultSqlScriptExecutor       : DB: Integer display width is deprecated and will be removed in a future release. (SQL State: HY000 - Error Code: 1681)
2026-04-04T16:43:31.503-03:00  INFO 19096 --- [rest-with-spring-boot-and-java-erudio] [           main] o.f.core.internal.command.DbMigrate      : Migrating schema `test` to version "2 - Populate Table Person"
2026-04-04T16:43:31.563-03:00  INFO 19096 --- [rest-with-spring-boot-and-java-erudio] [           main] o.f.core.internal.command.DbMigrate      : Migrating schema `test` to version "3 - Create Table Books"
2026-04-04T16:43:31.630-03:00  WARN 19096 --- [rest-with-spring-boot-and-java-erudio] [           main] o.f.c.i.s.DefaultSqlScriptExecutor       : DB: Integer display width is deprecated and will be removed in a future release. (SQL State: HY000 - Error Code: 1681)
2026-04-04T16:43:31.691-03:00  INFO 19096 --- [rest-with-spring-boot-and-java-erudio] [           main] o.f.core.internal.command.DbMigrate      : Migrating schema `test` to version "4 - Insert Data In Books"
2026-04-04T16:43:31.749-03:00  INFO 19096 --- [rest-with-spring-boot-and-java-erudio] [           main] o.f.core.internal.command.DbMigrate      : Migrating schema `test` to version "5 - Alter Table Person"
2026-04-04T16:43:31.930-03:00  INFO 19096 --- [rest-with-spring-boot-and-java-erudio] [           main] o.f.core.internal.command.DbMigrate      : Migrating schema `test` to version "6 - Populate Person With Many"
2026-04-04T16:43:32.073-03:00  INFO 19096 --- [rest-with-spring-boot-and-java-erudio] [           main] o.f.core.internal.command.DbMigrate      : Migrating schema `test` to version "7 - Populate Books With Many"
2026-04-04T16:43:32.155-03:00  INFO 19096 --- [rest-with-spring-boot-and-java-erudio] [           main] o.f.core.internal.command.DbMigrate      : Migrating schema `test` to version "8 - Alter Table Person Adding Photo And Wiki"
2026-04-04T16:43:32.271-03:00  INFO 19096 --- [rest-with-spring-boot-and-java-erudio] [           main] o.f.core.internal.command.DbMigrate      : Migrating schema `test` to version "9 - Inserting Wikipedia Url"
2026-04-04T16:43:32.326-03:00  INFO 19096 --- [rest-with-spring-boot-and-java-erudio] [           main] o.f.core.internal.command.DbMigrate      : Migrating schema `test` to version "10 - Inserting Photo Url"
2026-04-04T16:43:32.430-03:00  INFO 19096 --- [rest-with-spring-boot-and-java-erudio] [           main] o.f.core.internal.command.DbMigrate      : Migrating schema `test` to version "11 - Create Join Table Person Books"
2026-04-04T16:43:32.507-03:00  WARN 19096 --- [rest-with-spring-boot-and-java-erudio] [           main] o.f.c.i.s.DefaultSqlScriptExecutor       : DB: Integer display width is deprecated and will be removed in a future release. (SQL State: HY000 - Error Code: 1681)
2026-04-04T16:43:32.507-03:00  WARN 19096 --- [rest-with-spring-boot-and-java-erudio] [           main] o.f.c.i.s.DefaultSqlScriptExecutor       : DB: Integer display width is deprecated and will be removed in a future release. (SQL State: HY000 - Error Code: 1681)
2026-04-04T16:43:32.565-03:00  INFO 19096 --- [rest-with-spring-boot-and-java-erudio] [           main] o.f.core.internal.command.DbMigrate      : Migrating schema `test` to version "12 - Insert Data In Join Table Person Books"
2026-04-04T16:43:32.853-03:00  INFO 19096 --- [rest-with-spring-boot-and-java-erudio] [           main] o.f.core.internal.command.DbMigrate      : Migrating schema `test` to version "13 - Create Table Permission"
2026-04-04T16:43:32.916-03:00  WARN 19096 --- [rest-with-spring-boot-and-java-erudio] [           main] o.f.c.i.s.DefaultSqlScriptExecutor       : DB: Integer display width is deprecated and will be removed in a future release. (SQL State: HY000 - Error Code: 1681)
2026-04-04T16:43:32.967-03:00  INFO 19096 --- [rest-with-spring-boot-and-java-erudio] [           main] o.f.core.internal.command.DbMigrate      : Migrating schema `test` to version "14 - Insert Data In Permission"
2026-04-04T16:43:33.029-03:00  INFO 19096 --- [rest-with-spring-boot-and-java-erudio] [           main] o.f.core.internal.command.DbMigrate      : Migrating schema `test` to version "15 - Create Table Users"
2026-04-04T16:43:33.108-03:00  WARN 19096 --- [rest-with-spring-boot-and-java-erudio] [           main] o.f.c.i.s.DefaultSqlScriptExecutor       : DB: Integer display width is deprecated and will be removed in a future release. (SQL State: HY000 - Error Code: 1681)
2026-04-04T16:43:33.165-03:00  INFO 19096 --- [rest-with-spring-boot-and-java-erudio] [           main] o.f.core.internal.command.DbMigrate      : Migrating schema `test` to version "16 - Insert Data In Users"
2026-04-04T16:43:33.225-03:00  INFO 19096 --- [rest-with-spring-boot-and-java-erudio] [           main] o.f.core.internal.command.DbMigrate      : Migrating schema `test` to version "17 - Create Table User Permission"
2026-04-04T16:43:33.663-03:00  WARN 19096 --- [rest-with-spring-boot-and-java-erudio] [           main] o.f.c.i.s.DefaultSqlScriptExecutor       : DB: Integer display width is deprecated and will be removed in a future release. (SQL State: HY000 - Error Code: 1681)
2026-04-04T16:43:33.663-03:00  WARN 19096 --- [rest-with-spring-boot-and-java-erudio] [           main] o.f.c.i.s.DefaultSqlScriptExecutor       : DB: Integer display width is deprecated and will be removed in a future release. (SQL State: HY000 - Error Code: 1681)
2026-04-04T16:43:33.746-03:00  INFO 19096 --- [rest-with-spring-boot-and-java-erudio] [           main] o.f.core.internal.command.DbMigrate      : Migrating schema `test` to version "18 - Insert Data In User Permission"
2026-04-04T16:43:33.837-03:00  INFO 19096 --- [rest-with-spring-boot-and-java-erudio] [           main] o.f.core.internal.command.DbMigrate      : Successfully applied 18 migrations to schema `test`, now at version v18 (execution time 00:01.297s)
2026-04-04T16:43:34.018-03:00  INFO 19096 --- [rest-with-spring-boot-and-java-erudio] [           main] o.hibernate.jpa.internal.util.LogHelper  : HHH000204: Processing PersistenceUnitInfo [name: default]
2026-04-04T16:43:34.158-03:00  INFO 19096 --- [rest-with-spring-boot-and-java-erudio] [           main] org.hibernate.Version                    : HHH000412: Hibernate ORM core version 6.6.4.Final
2026-04-04T16:43:34.228-03:00  INFO 19096 --- [rest-with-spring-boot-and-java-erudio] [           main] o.h.c.internal.RegionFactoryInitiator    : HHH000026: Second-level cache disabled
2026-04-04T16:43:34.657-03:00  INFO 19096 --- [rest-with-spring-boot-and-java-erudio] [           main] o.s.o.j.p.SpringPersistenceUnitInfo      : No LoadTimeWeaver setup: ignoring JPA class transformer
2026-04-04T16:43:34.793-03:00  INFO 19096 --- [rest-with-spring-boot-and-java-erudio] [           main] org.hibernate.orm.connections.pooling    : HHH10001005: Database info:
	Database JDBC URL [Connecting through datasource 'HikariDataSource (HikariPool-1)']
	Database driver: undefined/unknown
	Database version: 9.1
	Autocommit mode: undefined/unknown
	Isolation level: undefined/unknown
	Minimum pool size: undefined/unknown
	Maximum pool size: undefined/unknown
2026-04-04T16:43:36.142-03:00  INFO 19096 --- [rest-with-spring-boot-and-java-erudio] [           main] o.h.e.t.j.p.i.JtaPlatformInitiator       : HHH000489: No JTA platform available (set 'hibernate.transaction.jta.platform' to enable JTA platform integration)
2026-04-04T16:43:36.146-03:00  INFO 19096 --- [rest-with-spring-boot-and-java-erudio] [           main] j.LocalContainerEntityManagerFactoryBean : Initialized JPA EntityManagerFactory for persistence unit 'default'
2026-04-04T16:43:36.553-03:00  INFO 19096 --- [rest-with-spring-boot-and-java-erudio] [           main] o.s.d.j.r.query.QueryEnhancerFactory     : Hibernate is in classpath; If applicable, HQL parser will be used.
2026-04-04T16:43:37.660-03:00  INFO 19096 --- [rest-with-spring-boot-and-java-erudio] [           main] r$InitializeUserDetailsManagerConfigurer : Global AuthenticationManager configured with UserDetailsService bean with name userService
2026-04-04T16:43:37.784-03:00  INFO 19096 --- [rest-with-spring-boot-and-java-erudio] [           main] b.c.erudio.services.FileStorageService   : Creating Directories
2026-04-04T16:43:39.154-03:00  INFO 19096 --- [rest-with-spring-boot-and-java-erudio] [           main] o.s.v.b.OptionalValidatorFactoryBean     : Failed to set up a Bean Validation provider: jakarta.validation.NoProviderFoundException: Unable to create a Configuration, because no Jakarta Bean Validation provider could be found. Add a provider like Hibernate Validator (RI) to your classpath.
2026-04-04T16:43:39.809-03:00  INFO 19096 --- [rest-with-spring-boot-and-java-erudio] [           main] o.s.b.w.embedded.tomcat.TomcatWebServer  : Tomcat started on port 8888 (http) with context path '/'
2026-04-04T16:43:39.823-03:00  INFO 19096 --- [rest-with-spring-boot-and-java-erudio] [           main] b.c.e.i.c.c.w.PersonControllerCorsTest   : Started PersonControllerCorsTest in 38.668 seconds (process running for 41.597)
2026-04-04T16:43:42.268-03:00  INFO 19096 --- [rest-with-spring-boot-and-java-erudio] [nio-8888-exec-1] o.a.c.c.C.[Tomcat].[localhost].[/]       : Initializing Spring DispatcherServlet 'dispatcherServlet'
2026-04-04T16:43:42.269-03:00  INFO 19096 --- [rest-with-spring-boot-and-java-erudio] [nio-8888-exec-1] o.s.web.servlet.DispatcherServlet        : Initializing Servlet 'dispatcherServlet'
2026-04-04T16:43:42.270-03:00  INFO 19096 --- [rest-with-spring-boot-and-java-erudio] [nio-8888-exec-1] o.s.web.servlet.DispatcherServlet        : Completed initialization in 1 ms
]]></system-out>
    <system-err><![CDATA[Mockito is currently self-attaching to enable the inline-mock-maker. This will no longer work in future releases of the JDK. Please add Mockito as an agent to your build what is described in Mockito's documentation: https://javadoc.io/doc/org.mockito/mockito-core/latest/org/mockito/Mockito.html#0.3
WARNING: A Java agent has been loaded dynamically (C:\Users\Henrique\.m2\repository\net\bytebuddy\byte-buddy-agent\1.15.11\byte-buddy-agent-1.15.11.jar)
WARNING: If a serviceability tool is in use, please run with -XX:+EnableDynamicAgentLoading to hide this warning
WARNING: If a serviceability tool is not in use, please run with -Djdk.instrument.traceUsage for more information
WARNING: Dynamic loading of agents will be disallowed by default in a future release
]]></system-err>
  </testcase>
  <testcase name="create" classname="br.com.erudio.integrationtests.controllers.cors.withjson.PersonControllerCorsTest" time="0.797">
    <system-out><![CDATA[Request method:	POST
Request URI:	http://localhost:8888/api/person/v1
Proxy:			<none>
Request params:	<none>
Query params:	<none>
Form params:	<none>
Path params:	<none>
Headers:		Origin=https://www.erudio.com.br
				Authorization=Bearer eyJhbGciOiJIUzI1NiIsInR5cCI6IkpXVCJ9.eyJyb2xlcyI6WyJBRE1JTiIsIk1BTkFHRVIiXSwiaWF0IjoxNzc1MzMxODIzLCJleHAiOjE3NzUzMzU0MjMsInN1YiI6ImxlYW5kcm8iLCJpc3MiOiJodHRwOi8vbG9jYWxob3N0Ojg4ODgifQ.UsQFxWO8uj9P-hRIzYZKLswZr7sCKF_JX696kuwdWZs
				Accept=*/*
				Content-Type=application/json
Cookies:		<none>
Multiparts:		<none>
Body:
{
    "id": null,
    "firstName": "Richard",
    "lastName": "Stallman",
    "address": "New York City - New York - USA",
    "gender": "Male",
    "enabled": true,
    "profileUrl": null,
    "photoUrl": null,
    "books": null
}
2026-04-04T16:43:43.837-03:00  INFO 19096 --- [rest-with-spring-boot-and-java-erudio] [nio-8888-exec-2] br.com.erudio.services.PersonService     : Creating one Person!
2026-04-04T16:43:43.843-03:00  INFO 19096 --- [rest-with-spring-boot-and-java-erudio] [nio-8888-exec-2] c.g.dozermapper.core.util.RuntimeUtils   : OSGi support is false
2026-04-04T16:43:43.845-03:00  INFO 19096 --- [rest-with-spring-boot-and-java-erudio] [nio-8888-exec-2] c.g.d.core.DozerBeanMapperBuilder        : Initializing Dozer. Version: 7.0.0, Thread Name: http-nio-8888-exec-2
2026-04-04T16:43:43.855-03:00  INFO 19096 --- [rest-with-spring-boot-and-java-erudio] [nio-8888-exec-2] d.c.c.r.LegacyPropertiesSettingsResolver : Trying to find Dozer configuration file: dozer.properties
2026-04-04T16:43:43.855-03:00  INFO 19096 --- [rest-with-spring-boot-and-java-erudio] [nio-8888-exec-2] d.c.c.r.LegacyPropertiesSettingsResolver : Failed to find dozer.properties via com.github.dozermapper.core.config.resolvers.LegacyPropertiesSettingsResolver.
2026-04-04T16:43:43.860-03:00  INFO 19096 --- [rest-with-spring-boot-and-java-erudio] [nio-8888-exec-2] c.g.d.core.el.ELExpressionFactory        : jakarta.el is not supported; Failed to resolve ExpressionFactory, com.sun.el.ExpressionFactoryImpl
HTTP/1.1 200 
Vary: Origin
Vary: Access-Control-Request-Method
Vary: Access-Control-Request-Headers
Access-Control-Allow-Origin: https://www.erudio.com.br
Access-Control-Allow-Credentials: true
X-Content-Type-Options: nosniff
X-XSS-Protection: 0
Cache-Control: no-cache, no-store, max-age=0, must-revalidate
Pragma: no-cache
Expires: 0
X-Frame-Options: DENY
Content-Type: application/json
Transfer-Encoding: chunked
Date: Sat, 04 Apr 2026 19:43:44 GMT
Keep-Alive: timeout=60
Connection: keep-alive

{
    "id": 1013,
    "firstName": "Richard",
    "lastName": "Stallman",
    "address": "New York City - New York - USA",
    "gender": "Male",
    "enabled": true,
    "profileUrl": null,
    "photoUrl": null,
    "_links": {
        "findAll": {
            "href": "http://localhost:8888/api/person/v1?page=1&size=12&direction=asc",
            "type": "GET"
        },
        "findByName": {
            "href": "http://localhost:8888/api/person/v1/findPeopleByName/?page=1&size=12&direction=asc",
            "type": "GET"
        },
        "self": {
            "href": "http://localhost:8888/api/person/v1/1013",
            "type": "GET"
        },
        "create": {
            "href": "http://localhost:8888/api/person/v1",
            "type": "POST"
        },
        "massCreation": {
            "href": "http://localhost:8888/api/person/v1/massCreation",
            "type": "POST"
        },
        "update": {
            "href": "http://localhost:8888/api/person/v1",
            "type": "PUT"
        },
        "disable": {
            "href": "http://localhost:8888/api/person/v1/1013",
            "type": "PATCH"
        },
        "delete": {
            "href": "http://localhost:8888/api/person/v1/1013",
            "type": "DELETE"
        },
        "exportPage": {
            "href": "http://localhost:8888/api/person/v1/exportPage?page=1&size=12&direction=asc",
            "title": "Export People",
            "type": "GET"
        }
    }
}
]]></system-out>
  </testcase>
  <testcase name="createWithWrongOrigin" classname="br.com.erudio.integrationtests.controllers.cors.withjson.PersonControllerCorsTest" time="0.046">
    <system-out><![CDATA[Request method:	POST
Request URI:	http://localhost:8888/api/person/v1
Proxy:			<none>
Request params:	<none>
Query params:	<none>
Form params:	<none>
Path params:	<none>
Headers:		Origin=https://www.semeru.com.br
				Authorization=Bearer eyJhbGciOiJIUzI1NiIsInR5cCI6IkpXVCJ9.eyJyb2xlcyI6WyJBRE1JTiIsIk1BTkFHRVIiXSwiaWF0IjoxNzc1MzMxODIzLCJleHAiOjE3NzUzMzU0MjMsInN1YiI6ImxlYW5kcm8iLCJpc3MiOiJodHRwOi8vbG9jYWxob3N0Ojg4ODgifQ.UsQFxWO8uj9P-hRIzYZKLswZr7sCKF_JX696kuwdWZs
				Accept=*/*
				Content-Type=application/json
Cookies:		<none>
Multiparts:		<none>
Body:
{
    "id": 1013,
    "firstName": "Richard",
    "lastName": "Stallman",
    "address": "New York City - New York - USA",
    "gender": "Male",
    "enabled": true,
    "profileUrl": null,
    "photoUrl": null,
    "books": null
}
HTTP/1.1 403 
Vary: Origin
Vary: Access-Control-Request-Method
Vary: Access-Control-Request-Headers
X-Content-Type-Options: nosniff
X-XSS-Protection: 0
Cache-Control: no-cache, no-store, max-age=0, must-revalidate
Pragma: no-cache
Expires: 0
X-Frame-Options: DENY
Transfer-Encoding: chunked
Date: Sat, 04 Apr 2026 19:43:44 GMT
Keep-Alive: timeout=60
Connection: keep-alive

Invalid CORS request
]]></system-out>
  </testcase>
  <testcase name="findById" classname="br.com.erudio.integrationtests.controllers.cors.withjson.PersonControllerCorsTest" time="0.116">
    <system-out><![CDATA[Request method:	GET
Request URI:	http://localhost:8888/api/person/v1/1013
Proxy:			<none>
Request params:	<none>
Query params:	<none>
Form params:	<none>
Path params:	id=1013
Headers:		Origin=http://localhost:8080
				Authorization=Bearer eyJhbGciOiJIUzI1NiIsInR5cCI6IkpXVCJ9.eyJyb2xlcyI6WyJBRE1JTiIsIk1BTkFHRVIiXSwiaWF0IjoxNzc1MzMxODIzLCJleHAiOjE3NzUzMzU0MjMsInN1YiI6ImxlYW5kcm8iLCJpc3MiOiJodHRwOi8vbG9jYWxob3N0Ojg4ODgifQ.UsQFxWO8uj9P-hRIzYZKLswZr7sCKF_JX696kuwdWZs
				Accept=*/*
				Content-Type=application/json
Cookies:		<none>
Multiparts:		<none>
Body:			<none>
2026-04-04T16:43:44.568-03:00  INFO 19096 --- [rest-with-spring-boot-and-java-erudio] [nio-8888-exec-3] br.com.erudio.services.PersonService     : Finding one Person!
HTTP/1.1 200 
Vary: Origin
Vary: Access-Control-Request-Method
Vary: Access-Control-Request-Headers
Access-Control-Allow-Origin: http://localhost:8080
Access-Control-Allow-Credentials: true
X-Content-Type-Options: nosniff
X-XSS-Protection: 0
Cache-Control: no-cache, no-store, max-age=0, must-revalidate
Pragma: no-cache
Expires: 0
X-Frame-Options: DENY
Content-Type: application/json
Transfer-Encoding: chunked
Date: Sat, 04 Apr 2026 19:43:44 GMT
Keep-Alive: timeout=60
Connection: keep-alive

{
    "id": 1013,
    "firstName": "Richard",
    "lastName": "Stallman",
    "address": "New York City - New York - USA",
    "gender": "Male",
    "enabled": true,
    "profileUrl": null,
    "photoUrl": null,
    "_links": {
        "findAll": {
            "href": "http://localhost:8888/api/person/v1?page=1&size=12&direction=asc",
            "type": "GET"
        },
        "findByName": {
            "href": "http://localhost:8888/api/person/v1/findPeopleByName/?page=1&size=12&direction=asc",
            "type": "GET"
        },
        "self": {
            "href": "http://localhost:8888/api/person/v1/1013",
            "type": "GET"
        },
        "create": {
            "href": "http://localhost:8888/api/person/v1",
            "type": "POST"
        },
        "massCreation": {
            "href": "http://localhost:8888/api/person/v1/massCreation",
            "type": "POST"
        },
        "update": {
            "href": "http://localhost:8888/api/person/v1",
            "type": "PUT"
        },
        "disable": {
            "href": "http://localhost:8888/api/person/v1/1013",
            "type": "PATCH"
        },
        "delete": {
            "href": "http://localhost:8888/api/person/v1/1013",
            "type": "DELETE"
        },
        "exportPage": {
            "href": "http://localhost:8888/api/person/v1/exportPage?page=1&size=12&direction=asc",
            "title": "Export People",
            "type": "GET"
        }
    }
}
]]></system-out>
  </testcase>
  <testcase name="findByIdWithWrongOrigin" classname="br.com.erudio.integrationtests.controllers.cors.withjson.PersonControllerCorsTest" time="0.033">
    <system-out><![CDATA[Request method:	GET
Request URI:	http://localhost:8888/api/person/v1/1013
Proxy:			<none>
Request params:	<none>
Query params:	<none>
Form params:	<none>
Path params:	id=1013
Headers:		Origin=https://www.semeru.com.br
				Authorization=Bearer eyJhbGciOiJIUzI1NiIsInR5cCI6IkpXVCJ9.eyJyb2xlcyI6WyJBRE1JTiIsIk1BTkFHRVIiXSwiaWF0IjoxNzc1MzMxODIzLCJleHAiOjE3NzUzMzU0MjMsInN1YiI6ImxlYW5kcm8iLCJpc3MiOiJodHRwOi8vbG9jYWxob3N0Ojg4ODgifQ.UsQFxWO8uj9P-hRIzYZKLswZr7sCKF_JX696kuwdWZs
				Accept=*/*
				Content-Type=application/json
Cookies:		<none>
Multiparts:		<none>
Body:			<none>
HTTP/1.1 403 
Vary: Origin
Vary: Access-Control-Request-Method
Vary: Access-Control-Request-Headers
X-Content-Type-Options: nosniff
X-XSS-Protection: 0
Cache-Control: no-cache, no-store, max-age=0, must-revalidate
Pragma: no-cache
Expires: 0
X-Frame-Options: DENY
Transfer-Encoding: chunked
Date: Sat, 04 Apr 2026 19:43:44 GMT
Keep-Alive: timeout=60
Connection: keep-alive

Invalid CORS request
]]></system-out>
  </testcase>
</testsuite>